Log file open, 02/20/22 12:43:21
LogWindows: Failed to load 'aqProf.dll' (GetLastError=126)
LogWindows: File 'aqProf.dll' does not exist
LogWindows: Failed to load 'VtuneApi.dll' (GetLastError=126)
LogWindows: File 'VtuneApi.dll' does not exist
LogWindows: Failed to load 'VtuneApi32e.dll' (GetLastError=126)
LogWindows: File 'VtuneApi32e.dll' does not exist
LogConsoleResponse: Display: Failed to find resolution value strings in scalability ini. Falling back to default.
LogConsoleResponse: Display: Failed to find resolution value strings in scalability ini. Falling back to default.
LogInit: Display: Running engine for game: firstproject
LogPlatformFile: Not using cached read wrapper
LogTaskGraph: Started task graph with 5 named threads and 47 total threads with 3 sets of task threads.
LogStats: Stats thread started at 0.219929
LogICUInternationalization: ICU TimeZone Detection - Raw Offset: -6:00, Platform Override: ''
LogInit: Display: Loading text-based GConfig....
LogPluginManager: Mounting plugin EditorDiscordRichPresence
LogPluginManager: Mounting plugin MeshPainting
LogPluginManager: Mounting plugin XGEController
LogPluginManager: Mounting plugin Paper2D
LogPluginManager: Mounting plugin AISupport
LogPluginManager: Mounting plugin EnvironmentQueryEditor
LogPluginManager: Mounting plugin LiveLink
LogPluginManager: Mounting plugin CameraShakePreviewer
LogPluginManager: Mounting plugin GameplayCameras
LogPluginManager: Mounting plugin LightPropagationVolume
LogPluginManager: Mounting plugin OodleData
LogPluginManager: Mounting plugin OodleNetwork
LogPluginManager: Mounting plugin AssetManagerEditor
LogPluginManager: Mounting plugin Niagara
LogPluginManager: Mounting plugin AlembicImporter
LogPluginManager: Mounting plugin AutomationUtils
LogPluginManager: Mounting plugin BackChannel
LogPluginManager: Mounting plugin ChaosCloth
LogPluginManager: Mounting plugin ChaosSolverPlugin
LogPluginManager: Mounting plugin ChaosEditor
LogPluginManager: Mounting plugin ChaosClothEditor
LogPluginManager: Mounting plugin CharacterAI
LogPluginManager: Mounting plugin ChaosNiagara
LogPluginManager: Mounting plugin GeometryCache
LogPluginManager: Mounting plugin AndroidMedia
LogPluginManager: Mounting plugin AvfMedia
LogPluginManager: Mounting plugin ImgMedia
LogPluginManager: Mounting plugin GeometryCollectionPlugin
LogPluginManager: Mounting plugin MediaCompositing
LogPluginManager: Mounting plugin WebMMedia
LogPluginManager: Mounting plugin MediaPlayerEditor
LogPluginManager: Mounting plugin WmfMedia
LogPluginManager: Mounting plugin GeometryProcessing
LogPluginManager: Mounting plugin AnimationSharing
LogPluginManager: Mounting plugin CLionSourceCodeAccess
LogPluginManager: Mounting plugin MotoSynth
LogPluginManager: Mounting plugin OpenImageDenoise
LogPluginManager: Mounting plugin PlanarCut
LogPluginManager: Mounting plugin PlatformCrypto
LogPluginManager: Mounting plugin ProxyLODPlugin
LogPluginManager: Mounting plugin PythonScriptPlugin
LogPluginManager: Mounting plugin SkeletalReduction
LogPluginManager: Mounting plugin CodeLiteSourceCodeAccess
LogPluginManager: Mounting plugin KDevelopSourceCodeAccess
LogPluginManager: Mounting plugin NullSourceCodeAccess
LogPluginManager: Mounting plugin GitSourceControl
LogPluginManager: Mounting plugin PerforceSourceControl
LogPluginManager: Mounting plugin PixWinPlugin
LogPluginManager: Mounting plugin PlasticSourceControl
LogPluginManager: Mounting plugin SubversionSourceControl
LogPluginManager: Mounting plugin PropertyAccessNode
LogPluginManager: Mounting plugin RiderSourceCodeAccess
LogPluginManager: Mounting plugin PluginUtils
LogPluginManager: Mounting plugin TextureFormatOodle
LogPluginManager: Mounting plugin UObjectPlugin
LogPluginManager: Mounting plugin VisualStudioCodeSourceCodeAccess
LogPluginManager: Mounting plugin XCodeSourceCodeAccess
LogPluginManager: Mounting plugin VisualStudioSourceCodeAccess
LogPluginManager: Mounting plugin TcpMessaging
LogPluginManager: Mounting plugin MagicLeap
LogPluginManager: Mounting plugin LuminPlatformFeatures
LogPluginManager: Mounting plugin UdpMessaging
LogPluginManager: Mounting plugin MagicLeapLightEstimation
LogPluginManager: Mounting plugin MagicLeapPassableWorld
LogPluginManager: Mounting plugin MLSDK
LogPluginManager: Mounting plugin LauncherChunkInstaller
LogPluginManager: Mounting plugin MagicLeapMedia
LogPluginManager: Mounting plugin ActorSequence
LogPluginManager: Mounting plugin LevelSequenceEditor
LogPluginManager: Mounting plugin MatineeToLevelSequence
LogPluginManager: Mounting plugin OnlineSubsystem
LogPluginManager: Mounting plugin TemplateSequence
LogPluginManager: Mounting plugin OnlineSubsystemNull
LogPluginManager: Mounting plugin OnlineSubsystemUtils
LogPluginManager: Mounting plugin ScreenshotTools
LogPluginManager: Mounting plugin ActorLayerUtilities
LogPluginManager: Mounting plugin AndroidPermission
LogPluginManager: Mounting plugin AndroidDeviceProfileSelector
LogPluginManager: Mounting plugin AndroidMoviePlayer
LogPluginManager: Mounting plugin AppleImageUtils
LogPluginManager: Mounting plugin ArchVisCharacter
LogPluginManager: Mounting plugin AudioCapture
LogPluginManager: Mounting plugin AppleMoviePlayer
LogPluginManager: Mounting plugin AssetTags
LogPluginManager: Mounting plugin AudioSynesthesia
LogPluginManager: Mounting plugin ChunkDownloader
LogPluginManager: Mounting plugin CustomMeshComponent
LogPluginManager: Mounting plugin CableComponent
LogPluginManager: Mounting plugin GoogleCloudMessaging
LogPluginManager: Mounting plugin GooglePAD
LogPluginManager: Mounting plugin ExampleDeviceProfileSelector
LogPluginManager: Mounting plugin EditableMesh
LogPluginManager: Mounting plugin IOSDeviceProfileSelector
LogPluginManager: Mounting plugin LinuxDeviceProfileSelector
LogPluginManager: Mounting plugin LocationServicesBPLibrary
LogPluginManager: Mounting plugin MobilePatchingUtils
LogPluginManager: Mounting plugin OpenXREyeTracker
LogPluginManager: Mounting plugin OpenXR
LogPluginManager: Mounting plugin OpenXRHandTracking
LogPluginManager: Mounting plugin PhysXVehicles
LogPluginManager: Mounting plugin PropertyAccessEditor
LogPluginManager: Mounting plugin ProceduralMeshComponent
LogPluginManager: Mounting plugin RuntimePhysXCooking
LogPluginManager: Mounting plugin Takes
LogPluginManager: Mounting plugin PostSplashScreen
LogPluginManager: Mounting plugin SoundFields
LogPluginManager: Mounting plugin SignificanceManager
LogPluginManager: Mounting plugin Synthesis
LogPluginManager: Mounting plugin WebMMoviePlayer
LogPluginManager: Mounting plugin WindowsMoviePlayer
LogPluginManager: Mounting plugin DataValidation
LogPluginManager: Mounting plugin CurveEditorTools
LogPluginManager: Mounting plugin CryptoKeys
LogPluginManager: Mounting plugin GameplayTagsEditor
LogPluginManager: Mounting plugin FacialAnimation
LogPluginManager: Mounting plugin MaterialAnalyzer
LogPluginManager: Mounting plugin MacGraphicsSwitching
LogPluginManager: Mounting plugin GeometryMode
LogPluginManager: Mounting plugin PluginBrowser
LogPluginManager: Mounting plugin MobileLauncherProfileWizard
LogPluginManager: Mounting plugin SpeedTreeImporter
LogPluginManager: Mounting plugin DatasmithContent
LogPluginManager: Mounting plugin VariantManagerContent
LogPluginManager: Mounting plugin OnlineSubsystemGooglePlay
LogPluginManager: Mounting plugin OnlineSubsystemIOS
LogPluginManager: Mounting plugin OculusVR
LogPluginManager: Mounting plugin SteamVR
LogPluginManager: Mounting plugin ContentBrowserFileDataSource
LogPluginManager: Mounting plugin ContentBrowserClassDataSource
LogPluginManager: Mounting plugin ContentBrowserAssetDataSource
PixWinPlugin: PIX capture plugin failed to initialize! Check that the process is launched from PIX.
LogInit: Using libcurl 7.55.1-DEV
LogInit:  - built for x86_64-pc-win32
LogInit:  - supports SSL with OpenSSL/1.1.1
LogInit:  - supports HTTP deflate (compression) using libz 1.2.8
LogInit:  - other features:
LogInit:      CURL_VERSION_SSL
LogInit:      CURL_VERSION_LIBZ
LogInit:      CURL_VERSION_IPV6
LogInit:      CURL_VERSION_ASYNCHDNS
LogInit:      CURL_VERSION_LARGEFILE
LogInit:      CURL_VERSION_IDN
LogInit:  CurlRequestOptions (configurable via config and command line):
LogInit:  - bVerifyPeer = true  - Libcurl will verify peer certificate
LogInit:  - bUseHttpProxy = false  - Libcurl will NOT use HTTP proxy
LogInit:  - bDontReuseConnections = false  - Libcurl will reuse connections
LogInit:  - MaxHostConnections = 16  - Libcurl will limit the number of connections to a host
LogInit:  - LocalHostAddr = Default
LogInit:  - BufferSize = 65536
LogOnline: OSS: Creating online subsystem instance for: NULL
LogInit: WinSock: version 1.1 (2.2), MaxSocks=32767, MaxUdp=65467
LogOnline: OSS: TryLoadSubsystemAndSetDefault: Loaded subsystem for module [NULL]
LogOculusPluginWrapper: OculusPlugin initialized successfully
LogHMD: Failed initializing OVRPlugin 1.59.0
LogInit: Build: ++UE4+Release-4.27-CL-18319896
LogInit: Engine Version: 4.27.2-18319896+++UE4+Release-4.27
LogInit: Compatible Engine Version: 4.27.0-17155196+++UE4+Release-4.27
LogInit: Net CL: 17155196
LogInit: OS: Windows 10 (Release 2009) (), CPU: AMD Ryzen 7 3700X 8-Core Processor             , GPU: NVIDIA GeForce RTX 3060 Ti
LogInit: Compiled (64-bit): Nov 30 2021 07:12:08
LogInit: Compiled with Visual C++: 19.24.28315.00
LogInit: Build Configuration: Development
LogInit: Branch Name: ++UE4+Release-4.27
LogInit: Command Line:  -EpicPortal -epicusername=Isaaq_ -epicuserid=46478f41ef9b46da853444b4feedb2ec -epiclocale=en -epicsandboxid=ue
LogInit: Base Directory: E:/UE_4.27/Engine/Binaries/Win64/
LogInit: Allocator: TBB
LogInit: Installed Engine Build: 1
LogDevObjectVersion: Number of dev versions registered: 29
LogDevObjectVersion:   Dev-Blueprints (B0D832E4-1F89-4F0D-ACCF-7EB736FD4AA2): 10
LogDevObjectVersion:   Dev-Build (E1C64328-A22C-4D53-A36C-8E866417BD8C): 0
LogDevObjectVersion:   Dev-Core (375EC13C-06E4-48FB-B500-84F0262A717E): 4
LogDevObjectVersion:   Dev-Editor (E4B068ED-F494-42E9-A231-DA0B2E46BB41): 40
LogDevObjectVersion:   Dev-Framework (CFFC743F-43B0-4480-9391-14DF171D2073): 37
LogDevObjectVersion:   Dev-Mobile (B02B49B5-BB20-44E9-A304-32B752E40360): 3
LogDevObjectVersion:   Dev-Networking (A4E4105C-59A1-49B5-A7C5-40C4547EDFEE): 0
LogDevObjectVersion:   Dev-Online (39C831C9-5AE6-47DC-9A44-9C173E1C8E7C): 0
LogDevObjectVersion:   Dev-Physics (78F01B33-EBEA-4F98-B9B4-84EACCB95AA2): 14
LogDevObjectVersion:   Dev-Platform (6631380F-2D4D-43E0-8009-CF276956A95A): 0
LogDevObjectVersion:   Dev-Rendering (12F88B9F-8875-4AFC-A67C-D90C383ABD29): 45
LogDevObjectVersion:   Dev-Sequencer (7B5AE74C-D270-4C10-A958-57980B212A5A): 13
LogDevObjectVersion:   Dev-VR (D7296918-1DD6-4BDD-9DE2-64A83CC13884): 3
LogDevObjectVersion:   Dev-LoadTimes (C2A15278-BFE7-4AFE-6C17-90FF531DF755): 1
LogDevObjectVersion:   Private-Geometry (6EACA3D4-40EC-4CC1-B786-8BED09428FC5): 3
LogDevObjectVersion:   Dev-AnimPhys (29E575DD-E0A3-4627-9D10-D276232CDCEA): 17
LogDevObjectVersion:   Dev-Anim (AF43A65D-7FD3-4947-9873-3E8ED9C1BB05): 15
LogDevObjectVersion:   Dev-ReflectionCapture (6B266CEC-1EC7-4B8F-A30B-E4D90942FC07): 1
LogDevObjectVersion:   Dev-Automation (0DF73D61-A23F-47EA-B727-89E90C41499A): 1
LogDevObjectVersion:   FortniteMain (601D1886-AC64-4F84-AA16-D3DE0DEAC7D6): 47
LogDevObjectVersion:   FortniteRelease (E7086368-6B23-4C58-8439-1B7016265E91): 1
LogDevObjectVersion:   Dev-Enterprise (9DFFBCD6-494F-0158-E221-12823C92A888): 10
LogDevObjectVersion:   Dev-Niagara (F2AED0AC-9AFE-416F-8664-AA7FFA26D6FC): 1
LogDevObjectVersion:   Dev-Destruction (174F1F0B-B4C6-45A5-B13F-2EE8D0FB917D): 10
LogDevObjectVersion:   Dev-Physics-Ext (35F94A83-E258-406C-A318-09F59610247C): 41
LogDevObjectVersion:   Dev-PhysicsMaterial-Chaos (B68FC16E-8B1B-42E2-B453-215C058844FE): 1
LogDevObjectVersion:   Dev-CineCamera (B2E18506-4273-CFC2-A54E-F4BB758BBA07): 1
LogDevObjectVersion:   Dev-VirtualProduction (64F58936-FD1B-42BA-BA96-7289D5D0FA4E): 1
LogDevObjectVersion:   Dev-MediaFramework (6F0ED827-A609-4895-9C91-998D90180EA4): 2
LogInit: Presizing for max 25165824 objects, including 0 objects not considered by GC, pre-allocating 0 bytes for permanent pool.
LogConfig: Applying CVar settings from Section [/Script/Engine.StreamingSettings] File [E:/Projects/unreal-enl/firstproject/Saved/Config/Windows/Engine.ini]
LogConfig: Setting CVar [[s.MinBulkDataSizeForAsyncLoading:131072]]
LogConfig: Setting CVar [[s.AsyncLoadingThreadEnabled:0]]
LogConfig: Setting CVar [[s.EventDrivenLoaderEnabled:1]]
LogConfig: Setting CVar [[s.WarnIfTimeLimitExceeded:0]]
LogConfig: Setting CVar [[s.TimeLimitExceededMultiplier:1.5]]
LogConfig: Setting CVar [[s.TimeLimitExceededMinTime:0.005]]
LogConfig: Setting CVar [[s.UseBackgroundLevelStreaming:1]]
LogConfig: Setting CVar [[s.PriorityAsyncLoadingExtraTime:15.0]]
LogConfig: Setting CVar [[s.LevelStreamingActorsUpdateTimeLimit:5.0]]
LogConfig: Setting CVar [[s.PriorityLevelStreamingActorsUpdateExtraTime:5.0]]
LogConfig: Setting CVar [[s.LevelStreamingComponentsRegistrationGranularity:10]]
LogConfig: Setting CVar [[s.UnregisterComponentsTimeLimit:1.0]]
LogConfig: Setting CVar [[s.LevelStreamingComponentsUnregistrationGranularity:5]]
LogConfig: Setting CVar [[s.FlushStreamingOnExit:1]]
LogInit: Object subsystem initialized
LogConfig: Setting CVar [[con.DebugEarlyDefault:1]]
LogConfig: Setting CVar [[r.setres:1280x720]]
[2022.02.20-18.43.22:291][  0]LogConfig: Setting CVar [[r.VSync:0]]
[2022.02.20-18.43.22:291][  0]LogConfig: Setting CVar [[r.RHICmdBypass:0]]
[2022.02.20-18.43.22:291][  0]LogConfig: Applying CVar settings from Section [/Script/Engine.RendererSettings] File [E:/Projects/unreal-enl/firstproject/Saved/Config/Windows/Engine.ini]
[2022.02.20-18.43.22:292][  0]LogConfig: Setting CVar [[r.GPUCrashDebugging:0]]
[2022.02.20-18.43.22:292][  0]LogConfig: Applying CVar settings from Section [/Script/Engine.RendererOverrideSettings] File [E:/Projects/unreal-enl/firstproject/Saved/Config/Windows/Engine.ini]
[2022.02.20-18.43.22:292][  0]LogConfig: Applying CVar settings from Section [/Script/Engine.StreamingSettings] File [E:/Projects/unreal-enl/firstproject/Saved/Config/Windows/Engine.ini]
[2022.02.20-18.43.22:292][  0]LogConfig: Setting CVar [[s.MinBulkDataSizeForAsyncLoading:131072]]
[2022.02.20-18.43.22:292][  0]LogConfig: Setting CVar [[s.AsyncLoadingThreadEnabled:0]]
[2022.02.20-18.43.22:292][  0]LogConfig: Setting CVar [[s.EventDrivenLoaderEnabled:1]]
[2022.02.20-18.43.22:292][  0]LogConfig: Setting CVar [[s.WarnIfTimeLimitExceeded:0]]
[2022.02.20-18.43.22:292][  0]LogConfig: Setting CVar [[s.TimeLimitExceededMultiplier:1.5]]
[2022.02.20-18.43.22:292][  0]LogConfig: Setting CVar [[s.TimeLimitExceededMinTime:0.005]]
[2022.02.20-18.43.22:292][  0]LogConfig: Setting CVar [[s.UseBackgroundLevelStreaming:1]]
[2022.02.20-18.43.22:292][  0]LogConfig: Setting CVar [[s.PriorityAsyncLoadingExtraTime:15.0]]
[2022.02.20-18.43.22:292][  0]LogConfig: Setting CVar [[s.LevelStreamingActorsUpdateTimeLimit:5.0]]
[2022.02.20-18.43.22:292][  0]LogConfig: Setting CVar [[s.PriorityLevelStreamingActorsUpdateExtraTime:5.0]]
[2022.02.20-18.43.22:292][  0]LogConfig: Setting CVar [[s.LevelStreamingComponentsRegistrationGranularity:10]]
[2022.02.20-18.43.22:292][  0]LogConfig: Setting CVar [[s.UnregisterComponentsTimeLimit:1.0]]
[2022.02.20-18.43.22:292][  0]LogConfig: Setting CVar [[s.LevelStreamingComponentsUnregistrationGranularity:5]]
[2022.02.20-18.43.22:292][  0]LogConfig: Setting CVar [[s.FlushStreamingOnExit:1]]
[2022.02.20-18.43.22:292][  0]LogConfig: Applying CVar settings from Section [/Script/Engine.GarbageCollectionSettings] File [E:/Projects/unreal-enl/firstproject/Saved/Config/Windows/Engine.ini]
[2022.02.20-18.43.22:292][  0]LogConfig: Setting CVar [[gc.MaxObjectsNotConsideredByGC:1]]
[2022.02.20-18.43.22:292][  0]LogConfig: Setting CVar [[gc.SizeOfPermanentObjectPool:0]]
[2022.02.20-18.43.22:292][  0]LogConfig: Setting CVar [[gc.FlushStreamingOnGC:0]]
[2022.02.20-18.43.22:292][  0]LogConfig: Setting CVar [[gc.NumRetriesBeforeForcingGC:10]]
[2022.02.20-18.43.22:292][  0]LogConfig: Setting CVar [[gc.AllowParallelGC:1]]
[2022.02.20-18.43.22:292][  0]LogConfig: Setting CVar [[gc.TimeBetweenPurgingPendingKillObjects:61.1]]
[2022.02.20-18.43.22:292][  0]LogConfig: Setting CVar [[gc.MaxObjectsInEditor:25165824]]
[2022.02.20-18.43.22:292][  0]LogConfig: Setting CVar [[gc.IncrementalBeginDestroyEnabled:1]]
[2022.02.20-18.43.22:292][  0]LogConfig: Setting CVar [[gc.CreateGCClusters:1]]
[2022.02.20-18.43.22:292][  0]LogConfig: Setting CVar [[gc.MinGCClusterSize:5]]
[2022.02.20-18.43.22:292][  0]LogConfig: Setting CVar [[gc.ActorClusteringEnabled:0]]
[2022.02.20-18.43.22:292][  0]LogConfig: Setting CVar [[gc.BlueprintClusteringEnabled:0]]
[2022.02.20-18.43.22:292][  0]LogConfig: Setting CVar [[gc.UseDisregardForGCOnDedicatedServers:0]]
[2022.02.20-18.43.22:292][  0]LogConfig: Setting CVar [[gc.MultithreadedDestructionEnabled:1]]
[2022.02.20-18.43.22:292][  0]LogConfig: Applying CVar settings from Section [/Script/Engine.NetworkSettings] File [E:/Projects/unreal-enl/firstproject/Saved/Config/Windows/Engine.ini]
[2022.02.20-18.43.22:292][  0]LogConfig: Applying CVar settings from Section [/Script/UnrealEd.CookerSettings] File [E:/Projects/unreal-enl/firstproject/Saved/Config/Windows/Engine.ini]
[2022.02.20-18.43.22:341][  0]LogConfig: Applying CVar settings from Section [ViewDistanceQuality@3] File [E:/Projects/unreal-enl/firstproject/Saved/Config/Windows/Scalability.ini]
[2022.02.20-18.43.22:341][  0]LogConfig: Setting CVar [[r.SkeletalMeshLODBias:0]]
[2022.02.20-18.43.22:341][  0]LogConfig: Setting CVar [[r.ViewDistanceScale:1.0]]
[2022.02.20-18.43.22:341][  0]LogConfig: Applying CVar settings from Section [AntiAliasingQuality@3] File [E:/Projects/unreal-enl/firstproject/Saved/Config/Windows/Scalability.ini]
[2022.02.20-18.43.22:341][  0]LogConfig: Setting CVar [[r.PostProcessAAQuality:4]]
[2022.02.20-18.43.22:341][  0]LogConfig: Applying CVar settings from Section [ShadowQuality@3] File [E:/Projects/unreal-enl/firstproject/Saved/Config/Windows/Scalability.ini]
[2022.02.20-18.43.22:341][  0]LogConfig: Setting CVar [[r.LightFunctionQuality:1]]
[2022.02.20-18.43.22:341][  0]LogConfig: Setting CVar [[r.ShadowQuality:5]]
[2022.02.20-18.43.22:341][  0]LogConfig: Setting CVar [[r.Shadow.CSM.MaxCascades:10]]
[2022.02.20-18.43.22:341][  0]LogConfig: Setting CVar [[r.Shadow.MaxResolution:2048]]
[2022.02.20-18.43.22:341][  0]LogConfig: Setting CVar [[r.Shadow.MaxCSMResolution:2048]]
[2022.02.20-18.43.22:341][  0]LogConfig: Setting CVar [[r.Shadow.RadiusThreshold:0.01]]
[2022.02.20-18.43.22:341][  0]LogConfig: Setting CVar [[r.Shadow.DistanceScale:1.0]]
[2022.02.20-18.43.22:341][  0]LogConfig: Setting CVar [[r.Shadow.CSM.TransitionScale:1.0]]
[2022.02.20-18.43.22:341][  0]LogConfig: Setting CVar [[r.Shadow.PreShadowResolutionFactor:1.0]]
[2022.02.20-18.43.22:341][  0]LogConfig: Setting CVar [[r.DistanceFieldShadowing:1]]
[2022.02.20-18.43.22:341][  0]LogConfig: Setting CVar [[r.DistanceFieldAO:1]]
[2022.02.20-18.43.22:341][  0]LogConfig: Setting CVar [[r.AOQuality:2]]
[2022.02.20-18.43.22:341][  0]LogConfig: Setting CVar [[r.VolumetricFog:1]]
[2022.02.20-18.43.22:341][  0]LogConfig: Setting CVar [[r.VolumetricFog.GridPixelSize:8]]
[2022.02.20-18.43.22:341][  0]LogConfig: Setting CVar [[r.VolumetricFog.GridSizeZ:128]]
[2022.02.20-18.43.22:341][  0]LogConfig: Setting CVar [[r.VolumetricFog.HistoryMissSupersampleCount:4]]
[2022.02.20-18.43.22:341][  0]LogConfig: Setting CVar [[r.LightMaxDrawDistanceScale:1]]
[2022.02.20-18.43.22:341][  0]LogConfig: Setting CVar [[r.CapsuleShadows:1]]
[2022.02.20-18.43.22:341][  0]LogConfig: Applying CVar settings from Section [PostProcessQuality@3] File [E:/Projects/unreal-enl/firstproject/Saved/Config/Windows/Scalability.ini]
[2022.02.20-18.43.22:341][  0]LogConfig: Setting CVar [[r.MotionBlurQuality:4]]
[2022.02.20-18.43.22:341][  0]LogConfig: Setting CVar [[r.AmbientOcclusionMipLevelFactor:0.4]]
[2022.02.20-18.43.22:341][  0]LogConfig: Setting CVar [[r.AmbientOcclusionMaxQuality:100]]
[2022.02.20-18.43.22:341][  0]LogConfig: Setting CVar [[r.AmbientOcclusionLevels:-1]]
[2022.02.20-18.43.22:341][  0]LogConfig: Setting CVar [[r.AmbientOcclusionRadiusScale:1.0]]
[2022.02.20-18.43.22:341][  0]LogConfig: Setting CVar [[r.DepthOfFieldQuality:2]]
[2022.02.20-18.43.22:341][  0]LogConfig: Setting CVar [[r.RenderTargetPoolMin:400]]
[2022.02.20-18.43.22:341][  0]LogConfig: Setting CVar [[r.LensFlareQuality:2]]
[2022.02.20-18.43.22:341][  0]LogConfig: Setting CVar [[r.SceneColorFringeQuality:1]]
[2022.02.20-18.43.22:341][  0]LogConfig: Setting CVar [[r.EyeAdaptationQuality:2]]
[2022.02.20-18.43.22:341][  0]LogConfig: Setting CVar [[r.BloomQuality:5]]
[2022.02.20-18.43.22:341][  0]LogConfig: Setting CVar [[r.FastBlurThreshold:100]]
[2022.02.20-18.43.22:341][  0]LogConfig: Setting CVar [[r.Upscale.Quality:3]]
[2022.02.20-18.43.22:341][  0]LogConfig: Setting CVar [[r.Tonemapper.GrainQuantization:1]]
[2022.02.20-18.43.22:341][  0]LogConfig: Setting CVar [[r.LightShaftQuality:1]]
[2022.02.20-18.43.22:341][  0]LogConfig: Setting CVar [[r.Filter.SizeScale:1]]
[2022.02.20-18.43.22:341][  0]LogConfig: Setting CVar [[r.Tonemapper.Quality:5]]
[2022.02.20-18.43.22:341][  0]LogConfig: Setting CVar [[r.DOF.Gather.AccumulatorQuality:1        ; higher gathering accumulator quality]]
[2022.02.20-18.43.22:341][  0]LogConfig: Setting CVar [[r.DOF.Gather.PostfilterMethod:1          ; Median3x3 postfilering method]]
[2022.02.20-18.43.22:341][  0]LogConfig: Setting CVar [[r.DOF.Gather.EnableBokehSettings:0       ; no bokeh simulation when gathering]]
[2022.02.20-18.43.22:341][  0]LogConfig: Setting CVar [[r.DOF.Gather.RingCount:4                 ; medium number of samples when gathering]]
[2022.02.20-18.43.22:341][  0]LogConfig: Setting CVar [[r.DOF.Scatter.ForegroundCompositing:1    ; additive foreground scattering]]
[2022.02.20-18.43.22:341][  0]LogConfig: Setting CVar [[r.DOF.Scatter.BackgroundCompositing:2    ; additive background scattering]]
[2022.02.20-18.43.22:341][  0]LogConfig: Setting CVar [[r.DOF.Scatter.EnableBokehSettings:1      ; bokeh simulation when scattering]]
[2022.02.20-18.43.22:341][  0]LogConfig: Setting CVar [[r.DOF.Scatter.MaxSpriteRatio:0.1         ; only a maximum of 10% of scattered bokeh]]
[2022.02.20-18.43.22:341][  0]LogConfig: Setting CVar [[r.DOF.Recombine.Quality:1                ; cheap slight out of focus]]
[2022.02.20-18.43.22:341][  0]LogConfig: Setting CVar [[r.DOF.Recombine.EnableBokehSettings:0    ; no bokeh simulation on slight out of focus]]
[2022.02.20-18.43.22:341][  0]LogConfig: Setting CVar [[r.DOF.TemporalAAQuality:1                ; more stable temporal accumulation]]
[2022.02.20-18.43.22:341][  0]LogConfig: Setting CVar [[r.DOF.Kernel.MaxForegroundRadius:0.025]]
[2022.02.20-18.43.22:341][  0]LogConfig: Setting CVar [[r.DOF.Kernel.MaxBackgroundRadius:0.025]]
[2022.02.20-18.43.22:341][  0]LogConfig: Applying CVar settings from Section [TextureQuality@3] File [E:/Projects/unreal-enl/firstproject/Saved/Config/Windows/Scalability.ini]
[2022.02.20-18.43.22:341][  0]LogConfig: Setting CVar [[r.Streaming.MipBias:0]]
[2022.02.20-18.43.22:341][  0]LogConfig: Setting CVar [[r.Streaming.AmortizeCPUToGPUCopy:0]]
[2022.02.20-18.43.22:341][  0]LogConfig: Setting CVar [[r.Streaming.MaxNumTexturesToStreamPerFrame:0]]
[2022.02.20-18.43.22:341][  0]LogConfig: Setting CVar [[r.Streaming.Boost:1]]
[2022.02.20-18.43.22:341][  0]LogConfig: Setting CVar [[r.MaxAnisotropy:8]]
[2022.02.20-18.43.22:341][  0]LogConfig: Setting CVar [[r.VT.MaxAnisotropy:8]]
[2022.02.20-18.43.22:341][  0]LogConfig: Setting CVar [[r.Streaming.LimitPoolSizeToVRAM:0]]
[2022.02.20-18.43.22:341][  0]LogConfig: Setting CVar [[r.Streaming.PoolSize:1000]]
[2022.02.20-18.43.22:341][  0]LogConfig: Setting CVar [[r.Streaming.MaxEffectiveScreenSize:0]]
[2022.02.20-18.43.22:341][  0]LogConfig: Applying CVar settings from Section [EffectsQuality@3] File [E:/Projects/unreal-enl/firstproject/Saved/Config/Windows/Scalability.ini]
[2022.02.20-18.43.22:341][  0]LogConfig: Setting CVar [[r.TranslucencyLightingVolumeDim:64]]
[2022.02.20-18.43.22:341][  0]LogConfig: Setting CVar [[r.RefractionQuality:2]]
[2022.02.20-18.43.22:341][  0]LogConfig: Setting CVar [[r.SSR.Quality:3]]
[2022.02.20-18.43.22:341][  0]LogConfig: Setting CVar [[r.SSR.HalfResSceneColor:0]]
[2022.02.20-18.43.22:341][  0]LogConfig: Setting CVar [[r.SceneColorFormat:4]]
[2022.02.20-18.43.22:341][  0]LogConfig: Setting CVar [[r.DetailMode:2]]
[2022.02.20-18.43.22:341][  0]LogConfig: Setting CVar [[r.TranslucencyVolumeBlur:1]]
[2022.02.20-18.43.22:341][  0]LogConfig: Setting CVar [[r.MaterialQualityLevel:1 ; High quality]]
[2022.02.20-18.43.22:341][  0]LogConfig: Setting CVar [[r.AnisotropicMaterials:1]]
[2022.02.20-18.43.22:341][  0]LogConfig: Setting CVar [[r.SSS.Scale:1]]
[2022.02.20-18.43.22:341][  0]LogConfig: Setting CVar [[r.SSS.SampleSet:2]]
[2022.02.20-18.43.22:341][  0]LogConfig: Setting CVar [[r.SSS.Quality:1]]
[2022.02.20-18.43.22:341][  0]LogConfig: Setting CVar [[r.SSS.HalfRes:0]]
[2022.02.20-18.43.22:341][  0]LogConfig: Setting CVar [[r.SSGI.Quality:3]]
[2022.02.20-18.43.22:341][  0]LogConfig: Setting CVar [[r.EmitterSpawnRateScale:1.0]]
[2022.02.20-18.43.22:341][  0]LogConfig: Setting CVar [[r.ParticleLightQuality:2]]
[2022.02.20-18.43.22:341][  0]LogConfig: Setting CVar [[r.SkyAtmosphere.AerialPerspectiveLUT.FastApplyOnOpaque:1 ; Always have FastSkyLUT 1 in this case to avoid wrong sky]]
[2022.02.20-18.43.22:341][  0]LogConfig: Setting CVar [[r.SkyAtmosphere.AerialPerspectiveLUT.SampleCountMaxPerSlice:4]]
[2022.02.20-18.43.22:341][  0]LogConfig: Setting CVar [[r.SkyAtmosphere.AerialPerspectiveLUT.DepthResolution:16.0]]
[2022.02.20-18.43.22:341][  0]LogConfig: Setting CVar [[r.SkyAtmosphere.FastSkyLUT:1]]
[2022.02.20-18.43.22:341][  0]LogConfig: Setting CVar [[r.SkyAtmosphere.FastSkyLUT.SampleCountMin:4.0]]
[2022.02.20-18.43.22:341][  0]LogConfig: Setting CVar [[r.SkyAtmosphere.FastSkyLUT.SampleCountMax:128.0]]
[2022.02.20-18.43.22:342][  0]LogConfig: Setting CVar [[r.SkyAtmosphere.SampleCountMin:4.0]]
[2022.02.20-18.43.22:342][  0]LogConfig: Setting CVar [[r.SkyAtmosphere.SampleCountMax:128.0]]
[2022.02.20-18.43.22:342][  0]LogConfig: Setting CVar [[r.SkyAtmosphere.TransmittanceLUT.UseSmallFormat:0]]
[2022.02.20-18.43.22:342][  0]LogConfig: Setting CVar [[r.SkyAtmosphere.TransmittanceLUT.SampleCount:10.0]]
[2022.02.20-18.43.22:342][  0]LogConfig: Setting CVar [[r.SkyAtmosphere.MultiScatteringLUT.SampleCount:15.0]]
[2022.02.20-18.43.22:342][  0]LogConfig: Setting CVar [[r.SkyLight.RealTimeReflectionCapture:1]]
[2022.02.20-18.43.22:342][  0]LogConfig: Applying CVar settings from Section [FoliageQuality@3] File [E:/Projects/unreal-enl/firstproject/Saved/Config/Windows/Scalability.ini]
[2022.02.20-18.43.22:342][  0]LogConfig: Setting CVar [[foliage.DensityScale:1.0]]
[2022.02.20-18.43.22:342][  0]LogConfig: Setting CVar [[grass.DensityScale:1.0]]
[2022.02.20-18.43.22:342][  0]LogConfig: Applying CVar settings from Section [ShadingQuality@3] File [E:/Projects/unreal-enl/firstproject/Saved/Config/Windows/Scalability.ini]
[2022.02.20-18.43.22:342][  0]LogConfig: Setting CVar [[r.HairStrands.SkyLighting.IntegrationType:2]]
[2022.02.20-18.43.22:342][  0]LogConfig: Setting CVar [[r.HairStrands.SkyAO.SampleCount:4]]
[2022.02.20-18.43.22:342][  0]LogConfig: Setting CVar [[r.HairStrands.Visibility.MSAA.SamplePerPixel:4]]
[2022.02.20-18.43.22:342][  0]LogInit: Selected Device Profile: [Windows]
[2022.02.20-18.43.22:342][  0]LogInit: Applying CVar settings loaded from the selected device profile: [Windows]
[2022.02.20-18.43.22:342][  0]LogHAL: Display: Platform has ~ 32 GB [34271809536 / 34359738368 / 32], which maps to Largest [LargestMinGB=32, LargerMinGB=12, DefaultMinGB=8, SmallerMinGB=6, SmallestMinGB=0)
[2022.02.20-18.43.22:342][  0]LogInit: Going up to parent DeviceProfile []
[2022.02.20-18.43.22:342][  0]LogConfig: Applying CVar settings from Section [ViewDistanceQuality@3] File [E:/Projects/unreal-enl/firstproject/Saved/Config/Windows/Scalability.ini]
[2022.02.20-18.43.22:342][  0]LogConfig: Setting CVar [[r.SkeletalMeshLODBias:0]]
[2022.02.20-18.43.22:342][  0]LogConfig: Setting CVar [[r.ViewDistanceScale:1.0]]
[2022.02.20-18.43.22:342][  0]LogConfig: Applying CVar settings from Section [AntiAliasingQuality@3] File [E:/Projects/unreal-enl/firstproject/Saved/Config/Windows/Scalability.ini]
[2022.02.20-18.43.22:342][  0]LogConfig: Setting CVar [[r.PostProcessAAQuality:4]]
[2022.02.20-18.43.22:342][  0]LogConfig: Applying CVar settings from Section [ShadowQuality@3] File [E:/Projects/unreal-enl/firstproject/Saved/Config/Windows/Scalability.ini]
[2022.02.20-18.43.22:342][  0]LogConfig: Setting CVar [[r.LightFunctionQuality:1]]
[2022.02.20-18.43.22:342][  0]LogConfig: Setting CVar [[r.ShadowQuality:5]]
[2022.02.20-18.43.22:342][  0]LogConfig: Setting CVar [[r.Shadow.CSM.MaxCascades:10]]
[2022.02.20-18.43.22:342][  0]LogConfig: Setting CVar [[r.Shadow.MaxResolution:2048]]
[2022.02.20-18.43.22:342][  0]LogConfig: Setting CVar [[r.Shadow.MaxCSMResolution:2048]]
[2022.02.20-18.43.22:342][  0]LogConfig: Setting CVar [[r.Shadow.RadiusThreshold:0.01]]
[2022.02.20-18.43.22:342][  0]LogConfig: Setting CVar [[r.Shadow.DistanceScale:1.0]]
[2022.02.20-18.43.22:342][  0]LogConfig: Setting CVar [[r.Shadow.CSM.TransitionScale:1.0]]
[2022.02.20-18.43.22:342][  0]LogConfig: Setting CVar [[r.Shadow.PreShadowResolutionFactor:1.0]]
[2022.02.20-18.43.22:342][  0]LogConfig: Setting CVar [[r.DistanceFieldShadowing:1]]
[2022.02.20-18.43.22:342][  0]LogConfig: Setting CVar [[r.DistanceFieldAO:1]]
[2022.02.20-18.43.22:342][  0]LogConfig: Setting CVar [[r.AOQuality:2]]
[2022.02.20-18.43.22:342][  0]LogConfig: Setting CVar [[r.VolumetricFog:1]]
[2022.02.20-18.43.22:342][  0]LogConfig: Setting CVar [[r.VolumetricFog.GridPixelSize:8]]
[2022.02.20-18.43.22:342][  0]LogConfig: Setting CVar [[r.VolumetricFog.GridSizeZ:128]]
[2022.02.20-18.43.22:342][  0]LogConfig: Setting CVar [[r.VolumetricFog.HistoryMissSupersampleCount:4]]
[2022.02.20-18.43.22:342][  0]LogConfig: Setting CVar [[r.LightMaxDrawDistanceScale:1]]
[2022.02.20-18.43.22:342][  0]LogConfig: Setting CVar [[r.CapsuleShadows:1]]
[2022.02.20-18.43.22:342][  0]LogConfig: Applying CVar settings from Section [PostProcessQuality@3] File [E:/Projects/unreal-enl/firstproject/Saved/Config/Windows/Scalability.ini]
[2022.02.20-18.43.22:342][  0]LogConfig: Setting CVar [[r.MotionBlurQuality:4]]
[2022.02.20-18.43.22:342][  0]LogConfig: Setting CVar [[r.AmbientOcclusionMipLevelFactor:0.4]]
[2022.02.20-18.43.22:342][  0]LogConfig: Setting CVar [[r.AmbientOcclusionMaxQuality:100]]
[2022.02.20-18.43.22:342][  0]LogConfig: Setting CVar [[r.AmbientOcclusionLevels:-1]]
[2022.02.20-18.43.22:342][  0]LogConfig: Setting CVar [[r.AmbientOcclusionRadiusScale:1.0]]
[2022.02.20-18.43.22:342][  0]LogConfig: Setting CVar [[r.DepthOfFieldQuality:2]]
[2022.02.20-18.43.22:342][  0]LogConfig: Setting CVar [[r.RenderTargetPoolMin:400]]
[2022.02.20-18.43.22:342][  0]LogConfig: Setting CVar [[r.LensFlareQuality:2]]
[2022.02.20-18.43.22:342][  0]LogConfig: Setting CVar [[r.SceneColorFringeQuality:1]]
[2022.02.20-18.43.22:342][  0]LogConfig: Setting CVar [[r.EyeAdaptationQuality:2]]
[2022.02.20-18.43.22:342][  0]LogConfig: Setting CVar [[r.BloomQuality:5]]
[2022.02.20-18.43.22:342][  0]LogConfig: Setting CVar [[r.FastBlurThreshold:100]]
[2022.02.20-18.43.22:342][  0]LogConfig: Setting CVar [[r.Upscale.Quality:3]]
[2022.02.20-18.43.22:342][  0]LogConfig: Setting CVar [[r.Tonemapper.GrainQuantization:1]]
[2022.02.20-18.43.22:342][  0]LogConfig: Setting CVar [[r.LightShaftQuality:1]]
[2022.02.20-18.43.22:342][  0]LogConfig: Setting CVar [[r.Filter.SizeScale:1]]
[2022.02.20-18.43.22:342][  0]LogConfig: Setting CVar [[r.Tonemapper.Quality:5]]
[2022.02.20-18.43.22:342][  0]LogConfig: Setting CVar [[r.DOF.Gather.AccumulatorQuality:1        ; higher gathering accumulator quality]]
[2022.02.20-18.43.22:342][  0]LogConfig: Setting CVar [[r.DOF.Gather.PostfilterMethod:1          ; Median3x3 postfilering method]]
[2022.02.20-18.43.22:342][  0]LogConfig: Setting CVar [[r.DOF.Gather.EnableBokehSettings:0       ; no bokeh simulation when gathering]]
[2022.02.20-18.43.22:342][  0]LogConfig: Setting CVar [[r.DOF.Gather.RingCount:4                 ; medium number of samples when gathering]]
[2022.02.20-18.43.22:342][  0]LogConfig: Setting CVar [[r.DOF.Scatter.ForegroundCompositing:1    ; additive foreground scattering]]
[2022.02.20-18.43.22:342][  0]LogConfig: Setting CVar [[r.DOF.Scatter.BackgroundCompositing:2    ; additive background scattering]]
[2022.02.20-18.43.22:342][  0]LogConfig: Setting CVar [[r.DOF.Scatter.EnableBokehSettings:1      ; bokeh simulation when scattering]]
[2022.02.20-18.43.22:342][  0]LogConfig: Setting CVar [[r.DOF.Scatter.MaxSpriteRatio:0.1         ; only a maximum of 10% of scattered bokeh]]
[2022.02.20-18.43.22:342][  0]LogConfig: Setting CVar [[r.DOF.Recombine.Quality:1                ; cheap slight out of focus]]
[2022.02.20-18.43.22:342][  0]LogConfig: Setting CVar [[r.DOF.Recombine.EnableBokehSettings:0    ; no bokeh simulation on slight out of focus]]
[2022.02.20-18.43.22:342][  0]LogConfig: Setting CVar [[r.DOF.TemporalAAQuality:1                ; more stable temporal accumulation]]
[2022.02.20-18.43.22:342][  0]LogConfig: Setting CVar [[r.DOF.Kernel.MaxForegroundRadius:0.025]]
[2022.02.20-18.43.22:342][  0]LogConfig: Setting CVar [[r.DOF.Kernel.MaxBackgroundRadius:0.025]]
[2022.02.20-18.43.22:342][  0]LogConfig: Applying CVar settings from Section [TextureQuality@3] File [E:/Projects/unreal-enl/firstproject/Saved/Config/Windows/Scalability.ini]
[2022.02.20-18.43.22:342][  0]LogConfig: Setting CVar [[r.Streaming.MipBias:0]]
[2022.02.20-18.43.22:342][  0]LogConfig: Setting CVar [[r.Streaming.AmortizeCPUToGPUCopy:0]]
[2022.02.20-18.43.22:342][  0]LogConfig: Setting CVar [[r.Streaming.MaxNumTexturesToStreamPerFrame:0]]
[2022.02.20-18.43.22:342][  0]LogConfig: Setting CVar [[r.Streaming.Boost:1]]
[2022.02.20-18.43.22:342][  0]LogConfig: Setting CVar [[r.MaxAnisotropy:8]]
[2022.02.20-18.43.22:342][  0]LogConfig: Setting CVar [[r.VT.MaxAnisotropy:8]]
[2022.02.20-18.43.22:342][  0]LogConfig: Setting CVar [[r.Streaming.LimitPoolSizeToVRAM:0]]
[2022.02.20-18.43.22:342][  0]LogConfig: Setting CVar [[r.Streaming.PoolSize:1000]]
[2022.02.20-18.43.22:343][  0]LogConfig: Setting CVar [[r.Streaming.MaxEffectiveScreenSize:0]]
[2022.02.20-18.43.22:343][  0]LogConfig: Applying CVar settings from Section [EffectsQuality@3] File [E:/Projects/unreal-enl/firstproject/Saved/Config/Windows/Scalability.ini]
[2022.02.20-18.43.22:343][  0]LogConfig: Setting CVar [[r.TranslucencyLightingVolumeDim:64]]
[2022.02.20-18.43.22:343][  0]LogConfig: Setting CVar [[r.RefractionQuality:2]]
[2022.02.20-18.43.22:343][  0]LogConfig: Setting CVar [[r.SSR.Quality:3]]
[2022.02.20-18.43.22:343][  0]LogConfig: Setting CVar [[r.SSR.HalfResSceneColor:0]]
[2022.02.20-18.43.22:343][  0]LogConfig: Setting CVar [[r.SceneColorFormat:4]]
[2022.02.20-18.43.22:343][  0]LogConfig: Setting CVar [[r.DetailMode:2]]
[2022.02.20-18.43.22:343][  0]LogConfig: Setting CVar [[r.TranslucencyVolumeBlur:1]]
[2022.02.20-18.43.22:343][  0]LogConfig: Setting CVar [[r.MaterialQualityLevel:1 ; High quality]]
[2022.02.20-18.43.22:343][  0]LogConfig: Setting CVar [[r.AnisotropicMaterials:1]]
[2022.02.20-18.43.22:343][  0]LogConfig: Setting CVar [[r.SSS.Scale:1]]
[2022.02.20-18.43.22:343][  0]LogConfig: Setting CVar [[r.SSS.SampleSet:2]]
[2022.02.20-18.43.22:343][  0]LogConfig: Setting CVar [[r.SSS.Quality:1]]
[2022.02.20-18.43.22:343][  0]LogConfig: Setting CVar [[r.SSS.HalfRes:0]]
[2022.02.20-18.43.22:343][  0]LogConfig: Setting CVar [[r.SSGI.Quality:3]]
[2022.02.20-18.43.22:343][  0]LogConfig: Setting CVar [[r.EmitterSpawnRateScale:1.0]]
[2022.02.20-18.43.22:343][  0]LogConfig: Setting CVar [[r.ParticleLightQuality:2]]
[2022.02.20-18.43.22:343][  0]LogConfig: Setting CVar [[r.SkyAtmosphere.AerialPerspectiveLUT.FastApplyOnOpaque:1 ; Always have FastSkyLUT 1 in this case to avoid wrong sky]]
[2022.02.20-18.43.22:343][  0]LogConfig: Setting CVar [[r.SkyAtmosphere.AerialPerspectiveLUT.SampleCountMaxPerSlice:4]]
[2022.02.20-18.43.22:343][  0]LogConfig: Setting CVar [[r.SkyAtmosphere.AerialPerspectiveLUT.DepthResolution:16.0]]
[2022.02.20-18.43.22:343][  0]LogConfig: Setting CVar [[r.SkyAtmosphere.FastSkyLUT:1]]
[2022.02.20-18.43.22:343][  0]LogConfig: Setting CVar [[r.SkyAtmosphere.FastSkyLUT.SampleCountMin:4.0]]
[2022.02.20-18.43.22:343][  0]LogConfig: Setting CVar [[r.SkyAtmosphere.FastSkyLUT.SampleCountMax:128.0]]
[2022.02.20-18.43.22:343][  0]LogConfig: Setting CVar [[r.SkyAtmosphere.SampleCountMin:4.0]]
[2022.02.20-18.43.22:343][  0]LogConfig: Setting CVar [[r.SkyAtmosphere.SampleCountMax:128.0]]
[2022.02.20-18.43.22:343][  0]LogConfig: Setting CVar [[r.SkyAtmosphere.TransmittanceLUT.UseSmallFormat:0]]
[2022.02.20-18.43.22:343][  0]LogConfig: Setting CVar [[r.SkyAtmosphere.TransmittanceLUT.SampleCount:10.0]]
[2022.02.20-18.43.22:343][  0]LogConfig: Setting CVar [[r.SkyAtmosphere.MultiScatteringLUT.SampleCount:15.0]]
[2022.02.20-18.43.22:343][  0]LogConfig: Setting CVar [[r.SkyLight.RealTimeReflectionCapture:1]]
[2022.02.20-18.43.22:343][  0]LogConfig: Applying CVar settings from Section [FoliageQuality@3] File [E:/Projects/unreal-enl/firstproject/Saved/Config/Windows/Scalability.ini]
[2022.02.20-18.43.22:343][  0]LogConfig: Setting CVar [[foliage.DensityScale:1.0]]
[2022.02.20-18.43.22:343][  0]LogConfig: Setting CVar [[grass.DensityScale:1.0]]
[2022.02.20-18.43.22:343][  0]LogConfig: Applying CVar settings from Section [ShadingQuality@3] File [E:/Projects/unreal-enl/firstproject/Saved/Config/Windows/Scalability.ini]
[2022.02.20-18.43.22:343][  0]LogConfig: Setting CVar [[r.HairStrands.SkyLighting.IntegrationType:2]]
[2022.02.20-18.43.22:343][  0]LogConfig: Setting CVar [[r.HairStrands.SkyAO.SampleCount:4]]
[2022.02.20-18.43.22:343][  0]LogConfig: Setting CVar [[r.HairStrands.Visibility.MSAA.SamplePerPixel:4]]
[2022.02.20-18.43.22:343][  0]LogConfig: Applying CVar settings from Section [Startup] File [../../../Engine/Config/ConsoleVariables.ini]
[2022.02.20-18.43.22:343][  0]LogConfig: Setting CVar [[net.UseAdaptiveNetUpdateFrequency:0]]
[2022.02.20-18.43.22:343][  0]LogConfig: Setting CVar [[p.chaos.AllowCreatePhysxBodies:1]]
[2022.02.20-18.43.22:343][  0]LogConfig: Setting CVar [[fx.SkipVectorVMBackendOptimizations:1]]
[2022.02.20-18.43.22:343][  0]LogConfig: Applying CVar settings from Section [ConsoleVariables] File [E:/Projects/unreal-enl/firstproject/Saved/Config/Windows/Engine.ini]
[2022.02.20-18.43.22:343][  0]LogConfig: Applying CVar settings from Section [ConsoleVariables] File [E:/Projects/unreal-enl/firstproject/Saved/Config/Windows/Editor.ini]
[2022.02.20-18.43.22:343][  0]LogInit: Computer: ISAAQ-PC
[2022.02.20-18.43.22:343][  0]LogInit: User: isaaq
[2022.02.20-18.43.22:343][  0]LogInit: CPU Page size=4096, Cores=8
[2022.02.20-18.43.22:343][  0]LogInit: High frequency timer resolution =10.000000 MHz
[2022.02.20-18.43.22:343][  0]LogMemory: Memory total: Physical=31.9GB (32GB approx)
[2022.02.20-18.43.22:343][  0]LogMemory: Platform Memory Stats for Windows
[2022.02.20-18.43.22:343][  0]LogMemory: Process Physical Memory: 148.45 MB used, 148.45 MB peak
[2022.02.20-18.43.22:343][  0]LogMemory: Process Virtual Memory: 123.28 MB used, 123.28 MB peak
[2022.02.20-18.43.22:343][  0]LogMemory: Physical Memory: 13231.55 MB used,  19452.59 MB free, 32684.14 MB total
[2022.02.20-18.43.22:343][  0]LogMemory: Virtual Memory: 134197976.00 MB used,  19754.49 MB free, 134217728.00 MB total
[2022.02.20-18.43.22:348][  0]LogWindows: WindowsPlatformFeatures enabled
[2022.02.20-18.43.22:383][  0]LogInit: Physics initialised using underlying interface: PhysX
[2022.02.20-18.43.22:384][  0]LogInit: Using OS detected language (en-US).
[2022.02.20-18.43.22:384][  0]LogInit: Using OS detected locale (en-US).
[2022.02.20-18.43.22:387][  0]LogTextLocalizationManager: No specific localization for 'en-US' exists, so the 'en' localization will be used.
[2022.02.20-18.43.22:557][  0]LogInit: Setting process to per monitor DPI aware
[2022.02.20-18.43.22:569][  0]LogWindowsTextInputMethodSystem: Display: IME system deactivated.
[2022.02.20-18.43.22:580][  0]LogSlate: New Slate User Created.  User Index 0, Is Virtual User: 0
[2022.02.20-18.43.22:580][  0]LogSlate: Slate User Registered.  User Index 0, Is Virtual User: 0
[2022.02.20-18.43.22:700][  0]LogD3D11RHI: Loaded GFSDK_Aftermath_Lib.x64.dll
[2022.02.20-18.43.22:702][  0]LogHMD: Failed to initialize OpenVR with code 110
[2022.02.20-18.43.22:702][  0]LogD3D11RHI: D3D11 min allowed feature level: 11_0
[2022.02.20-18.43.22:702][  0]LogD3D11RHI: D3D11 max allowed feature level: 11_0
[2022.02.20-18.43.22:702][  0]LogD3D11RHI: D3D11 adapters:
[2022.02.20-18.43.22:796][  0]LogD3D11RHI:    0. 'NVIDIA GeForce RTX 3060 Ti' (Feature Level 11_0)
[2022.02.20-18.43.22:796][  0]LogD3D11RHI:       8050/0/16342 MB DedicatedVideo/DedicatedSystem/SharedSystem, Outputs:2, VendorId:0x10de
[2022.02.20-18.43.22:799][  0]LogD3D11RHI:    1. 'Microsoft Basic Render Driver' (Feature Level 11_0)
[2022.02.20-18.43.22:799][  0]LogD3D11RHI:       0/0/16342 MB DedicatedVideo/DedicatedSystem/SharedSystem, Outputs:0, VendorId:0x1414
[2022.02.20-18.43.22:799][  0]LogD3D11RHI: Chosen D3D11 Adapter:
[2022.02.20-18.43.22:799][  0]LogD3D11RHI:     Description : NVIDIA GeForce RTX 3060 Ti
[2022.02.20-18.43.22:799][  0]LogD3D11RHI:     VendorId    : 10de
[2022.02.20-18.43.22:799][  0]LogD3D11RHI:     DeviceId    : 2486
[2022.02.20-18.43.22:799][  0]LogD3D11RHI:     SubSysId    : 87c61043
[2022.02.20-18.43.22:799][  0]LogD3D11RHI:     Revision    : 00a1
[2022.02.20-18.43.22:799][  0]LogD3D11RHI:     DedicatedVideoMemory : 8441036800 bytes
[2022.02.20-18.43.22:799][  0]LogD3D11RHI:     DedicatedSystemMemory : 0 bytes
[2022.02.20-18.43.22:799][  0]LogD3D11RHI:     SharedSystemMemory : 17135904768 bytes
[2022.02.20-18.43.22:799][  0]LogD3D11RHI:     AdapterLuid : 0 61950
[2022.02.20-18.43.22:807][  0]LogD3D11RHI: Creating new Direct3DDevice
[2022.02.20-18.43.22:807][  0]LogD3D11RHI:     GPU DeviceId: 0x2486 (for the marketing name, search the web for "GPU Device Id")
[2022.02.20-18.43.22:807][  0]LogWindows: EnumDisplayDevices:
[2022.02.20-18.43.22:807][  0]LogWindows:    0. 'NVIDIA GeForce RTX 3060 Ti' (P:1 D:1)
[2022.02.20-18.43.22:807][  0]LogWindows:    1. 'NVIDIA GeForce RTX 3060 Ti' (P:0 D:1)
[2022.02.20-18.43.22:808][  0]LogWindows:    2. 'NVIDIA GeForce RTX 3060 Ti' (P:0 D:0)
[2022.02.20-18.43.22:808][  0]LogWindows:    3. 'NVIDIA GeForce RTX 3060 Ti' (P:0 D:0)
[2022.02.20-18.43.22:808][  0]LogWindows: DebugString: FoundDriverCount:4 
[2022.02.20-18.43.22:808][  0]LogD3D11RHI:     Adapter Name: NVIDIA GeForce RTX 3060 Ti
[2022.02.20-18.43.22:808][  0]LogD3D11RHI:   Driver Version: 497.29 (internal:30.0.14.9729, unified:497.29)
[2022.02.20-18.43.22:808][  0]LogD3D11RHI:      Driver Date: 12-15-2021
[2022.02.20-18.43.22:808][  0]LogRHI: Texture pool is 5635 MB (70% of 8050 MB)
[2022.02.20-18.43.22:808][  0]LogD3D11RHI: Creating D3DDevice using adapter:
[2022.02.20-18.43.22:808][  0]LogD3D11RHI:     Description : NVIDIA GeForce RTX 3060 Ti
[2022.02.20-18.43.22:808][  0]LogD3D11RHI:     VendorId    : 10de
[2022.02.20-18.43.22:808][  0]LogD3D11RHI:     DeviceId    : 2486
[2022.02.20-18.43.22:808][  0]LogD3D11RHI:     SubSysId    : 87c61043
[2022.02.20-18.43.22:808][  0]LogD3D11RHI:     Revision    : 00a1
[2022.02.20-18.43.22:808][  0]LogD3D11RHI:     DedicatedVideoMemory : 8441036800 bytes
[2022.02.20-18.43.22:808][  0]LogD3D11RHI:     DedicatedSystemMemory : 0 bytes
[2022.02.20-18.43.22:808][  0]LogD3D11RHI:     SharedSystemMemory : 17135904768 bytes
[2022.02.20-18.43.22:808][  0]LogD3D11RHI:     AdapterLuid : 0 61950
[2022.02.20-18.43.22:869][  0]LogD3D11RHI: RHI has support for 64 bit atomics
[2022.02.20-18.43.22:869][  0]LogD3D11RHI: Async texture creation enabled
[2022.02.20-18.43.22:869][  0]LogD3D11RHI: Array index from any shader is supported
[2022.02.20-18.43.22:870][  0]LogD3D11RHI: HDR output is supported on display 0 (NvId: 0x80061085).
[2022.02.20-18.43.22:887][  0]LogD3D11RHI: GPU Timing Frequency: 1000.000000 (Debug: 2 1)
[2022.02.20-18.43.22:909][  0]LogRHI: GeForceNow SDK initialized: 1
[2022.02.20-18.43.23:197][  0]LogTargetPlatformManager: Display: Loaded TargetPlatform 'AllDesktop'
[2022.02.20-18.43.23:218][  0]LogTargetPlatformManager: Display: Loaded TargetPlatform 'Android'
[2022.02.20-18.43.23:218][  0]LogTargetPlatformManager: Display: Loaded TargetPlatform 'Android_ASTC'
[2022.02.20-18.43.23:218][  0]LogTargetPlatformManager: Display: Loaded TargetPlatform 'Android_DXT'
[2022.02.20-18.43.23:218][  0]LogTargetPlatformManager: Display: Loaded TargetPlatform 'Android_ETC2'
[2022.02.20-18.43.23:218][  0]LogTargetPlatformManager: Display: Loaded TargetPlatform 'AndroidClient'
[2022.02.20-18.43.23:218][  0]LogTargetPlatformManager: Display: Loaded TargetPlatform 'Android_ASTCClient'
[2022.02.20-18.43.23:218][  0]LogTargetPlatformManager: Display: Loaded TargetPlatform 'Android_DXTClient'
[2022.02.20-18.43.23:218][  0]LogTargetPlatformManager: Display: Loaded TargetPlatform 'Android_ETC2Client'
[2022.02.20-18.43.23:218][  0]LogTargetPlatformManager: Display: Loaded TargetPlatform 'Android_Multi'
[2022.02.20-18.43.23:218][  0]LogTargetPlatformManager: Display: Loaded TargetPlatform 'Android_MultiClient'
[2022.02.20-18.43.23:234][  0]LogTargetPlatformManager: Display: Loaded TargetPlatform 'IOSClient'
[2022.02.20-18.43.23:234][  0]LogTargetPlatformManager: Display: Loaded TargetPlatform 'IOS'
[2022.02.20-18.43.23:243][  0]LogTargetPlatformManager: Display: Loaded TargetPlatform 'Linux'
[2022.02.20-18.43.23:246][  0]LogTargetPlatformManager: Display: Loaded TargetPlatform 'LinuxNoEditor'
[2022.02.20-18.43.23:251][  0]LogTargetPlatformManager: Display: Loaded TargetPlatform 'LinuxClient'
[2022.02.20-18.43.23:254][  0]LogTargetPlatformManager: Display: Loaded TargetPlatform 'LinuxServer'
[2022.02.20-18.43.23:263][  0]LogTargetPlatformManager: Display: Loaded TargetPlatform 'LinuxAArch64NoEditor'
[2022.02.20-18.43.23:267][  0]LogTargetPlatformManager: Display: Loaded TargetPlatform 'LinuxAArch64Client'
[2022.02.20-18.43.23:271][  0]LogTargetPlatformManager: Display: Loaded TargetPlatform 'LinuxAArch64Server'
[2022.02.20-18.43.23:292][  0]LogTargetPlatformManager: Display: Loaded TargetPlatform 'Lumin'
[2022.02.20-18.43.23:292][  0]LogTargetPlatformManager: Display: Loaded TargetPlatform 'LuminClient'
[2022.02.20-18.43.23:299][  0]LogTargetPlatformManager: Display: Loaded TargetPlatform 'MacNoEditor'
[2022.02.20-18.43.23:303][  0]LogTargetPlatformManager: Display: Loaded TargetPlatform 'Mac'
[2022.02.20-18.43.23:307][  0]LogTargetPlatformManager: Display: Loaded TargetPlatform 'MacClient'
[2022.02.20-18.43.23:310][  0]LogTargetPlatformManager: Display: Loaded TargetPlatform 'MacServer'
[2022.02.20-18.43.23:320][  0]LogTargetPlatformManager: Display: Loaded TargetPlatform 'TVOSClient'
[2022.02.20-18.43.23:320][  0]LogTargetPlatformManager: Display: Loaded TargetPlatform 'TVOS'
[2022.02.20-18.43.23:328][  0]LogTargetPlatformManager: Display: Loaded TargetPlatform 'WindowsNoEditor'
[2022.02.20-18.43.23:332][  0]LogTargetPlatformManager: Display: Loaded TargetPlatform 'Windows'
[2022.02.20-18.43.23:336][  0]LogTargetPlatformManager: Display: Loaded TargetPlatform 'WindowsClient'
[2022.02.20-18.43.23:340][  0]LogTargetPlatformManager: Display: Loaded TargetPlatform 'WindowsServer'
[2022.02.20-18.43.23:340][  0]LogTargetPlatformManager: Display: Building Assets For Windows
[2022.02.20-18.43.23:346][  0]LogAudioDebug: Display: Lib vorbis DLL was dynamically loaded.
[2022.02.20-18.43.23:372][  0]LogTextureFormatOodle: Display: Oodle Texture 2.9.0 init RDO Off
[2022.02.20-18.43.23:398][  0]LogRendererCore: Ray tracing is disabled. Reason: r.RayTracing=0.
[2022.02.20-18.43.23:398][  0]LogShaderCompilers: Guid format shader working directory is 1 characters bigger than the processId version (../../../../Projects/unreal-enl/firstproject/Intermediate/Shaders/WorkingDirectory/26228/).
[2022.02.20-18.43.23:398][  0]LogShaderCompilers: Cleaned the shader compiler working directory 'C:/Users/isaaq/AppData/Local/Temp/UnrealShaderWorkingDir/AB95C3CB4E35918F7D037C9E3A6BF5EA/'.
[2022.02.20-18.43.23:398][  0]LogXGEController: Cannot use XGE Controller as Incredibuild is not installed on this machine.
[2022.02.20-18.43.23:399][  0]LogShaderCompilers: Cannot use XGE Shader Compiler as Incredibuild is not installed on this machine.
[2022.02.20-18.43.23:399][  0]LogShaderCompilers: Display: Using Local Shader Compiler.
[2022.02.20-18.43.24:013][  0]LogDerivedDataCache: Display: Max Cache Size: 512 MB
[2022.02.20-18.43.24:066][  0]LogDerivedDataCache: Loaded boot cache 0.05s 94MB C:/Users/isaaq/AppData/Local/UnrealEngine/4.27/DerivedDataCache/Boot.ddc.
[2022.02.20-18.43.24:066][  0]LogDerivedDataCache: Display: Loaded Boot cache: C:/Users/isaaq/AppData/Local/UnrealEngine/4.27/DerivedDataCache/Boot.ddc
[2022.02.20-18.43.24:066][  0]LogDerivedDataCache: FDerivedDataBackendGraph:  Pak pak cache file ../../../../Projects/unreal-enl/firstproject/DerivedDataCache/DDC.ddp not found, will not use a pak cache.
[2022.02.20-18.43.24:066][  0]LogDerivedDataCache: Unable to find inner node Pak for hierarchical cache Hierarchy.
[2022.02.20-18.43.24:066][  0]LogDerivedDataCache: FDerivedDataBackendGraph:  CompressedPak pak cache file ../../../../Projects/unreal-enl/firstproject/DerivedDataCache/Compressed.ddp not found, will not use a pak cache.
[2022.02.20-18.43.24:066][  0]LogDerivedDataCache: Unable to find inner node CompressedPak for hierarchical cache Hierarchy.
[2022.02.20-18.43.24:082][  0]LogDerivedDataCache: Display: Pak cache opened for reading ../../../Engine/DerivedDataCache/Compressed.ddp.
[2022.02.20-18.43.24:083][  0]LogDerivedDataCache: FDerivedDataBackendGraph:  EnterprisePak pak cache file ../../../Enterprise/DerivedDataCache/Compressed.ddp not found, will not use a pak cache.
[2022.02.20-18.43.24:083][  0]LogDerivedDataCache: Unable to find inner node EnterprisePak for hierarchical cache Hierarchy.
[2022.02.20-18.43.24:088][  0]LogDerivedDataCache: Speed tests for C:/Users/isaaq/AppData/Local/UnrealEngine/Common/DerivedDataCache took 0.01 seconds
[2022.02.20-18.43.24:088][  0]LogDerivedDataCache: Display: Performance to C:/Users/isaaq/AppData/Local/UnrealEngine/Common/DerivedDataCache: Latency=0.04ms. RandomReadSpeed=1354.83MBs, RandomWriteSpeed=197.33MBs. Assigned SpeedClass 'Local'
[2022.02.20-18.43.24:089][  0]LogDerivedDataCache: Using Local data cache path C:/Users/isaaq/AppData/Local/UnrealEngine/Common/DerivedDataCache: Writable
[2022.02.20-18.43.24:089][  0]LogDerivedDataCache: Shared data cache path not found in *engine.ini, will not use an Shared cache.
[2022.02.20-18.43.24:089][  0]LogDerivedDataCache: Unable to find inner node Shared for hierarchical cache Hierarchy.
[2022.02.20-18.43.24:131][  0]LogSlate: Using FreeType 2.10.0
[2022.02.20-18.43.24:131][  0]LogSlate: SlateFontServices - WITH_FREETYPE: 1, WITH_HARFBUZZ: 1
[2022.02.20-18.43.24:153][  0]LogAssetRegistry: FAssetRegistry took 0.0027 seconds to start up
[2022.02.20-18.43.24:356][  0]LogInit: Selected Device Profile: [Windows]
[2022.02.20-18.43.24:356][  0]LogInit: Active device profile: [000001D457385500][000001D457D2F400 49] Windows
[2022.02.20-18.43.24:356][  0]LogInit: Profiles: [000001D457385500][000001D457D2F400 49] Windows, [000001D4571C8500][000001D457D3B580 49] WindowsNoEditor, [000001D4571CB900][000001D457D4B700 49] WindowsServer, [000001D4571D3E00][000001D458173880 49] WindowsClient, [000001D457387A00][000001D458177A00 49] IOS, [000001D4571D0500][000001D45817BB80 49] iPadAir, [000001D4571C9D00][000001D457D5E180 49] iPadAir2, [000001D45714C500][000001D457D62440 49] IPadPro, [000001D45714C600][000001D44D86C480 49] iPadAir3, [000001D4571CA100][000001D457D325C0 49] iPadAir4, [000001D45714FE00][000001D457D66700 49] iPadMini2, [000001D4571CB600][000001D457D6A840 49] iPadMini3, [000001D45714D400][000001D4534F2980 49] iPadMini4, [000001D4571CA700][000001D4534FAB00 49] iPadMini5, [000001D45714BD00][000001D44D0BADC0 49] iPhone6, [000001D45714BE00][000001D4534FEE00 49] iPodTouch6, [000001D45714E100][000001D44D0C30C0 49] iPhone7, [000001D45714E200][000001D44D0BF100 49] iPodTouch7, [000001D457148700][000001D44D0CB280 49] iPhone5S, [000001D45714F600][000001D44D98F400 49] iPhone6Plus, [000001D45714B000][000001D44D9B5580 49] iPhone6S, [000001D45714E700][000001D44D9CB700 49] iPhone6SPlus, [000001D457149000][000001D457C37880 49] iPhone7Plus, [000001D45714EC00][000001D457C3BA00 49] iPhoneSE, [000001D45714A700][000001D457C3FB80 49] iPhone8, [000001D45714E400][000001D457C88180 49] iPhone8Plus, [000001D45714B300][000001D457C8C300 49] iPhoneX, [000001D45714E900][000001D457C90480 49] iPhoneXS, [000001D457148F00][000001D457C94600 49] iPhoneXSMax, [000001D45714EF00][000001D4534F6740 49] iPhoneXR, [000001D45714A600][000001D457C98880 49] iPhone11, [000001D45714D900][000001D457C9C9C0 49] iPhone11Pro, [000001D45714B100][000001D457CA0B00 49] iPhone11ProMax, [000001D45714D000][000001D457E4EC80 49] iPhoneSE2, [000001D45714BB00][000001D44D81CE00 49] iPhone12Mini, [000001D45714D100][000001D44D820F80 49] iPhone12, [000001D457148400][000001D44D825100 49] iPhone12Pro, [000001D45714F400][000001D44D829280 49] iPhone12ProMax, [000001D457148C00][000001D44D841400 49] iPadPro105, [000001D45714DB00][000001D44D863580 49] iPadPro129, [000001D457149B00][000001D44D867700 49] iPadPro97, [000001D45714CD00][000001D4534B5880 49] iPadPro2_129, [000001D457148800][000001D4534B9A00 49] iPad5, [000001D45714C300][000001D4534BDB80 49] iPad6, [000001D45714A300][000001D4534C0180 49] iPad7, [000001D45714D800][000001D4534C4300 49] iPad8, [000001D45714B400][000001D4534CC480 49] iPadPro11, [000001D45714C900][000001D4534D0600 49] iPadPro2_11, [000001D45714AC00][000001D4534D4780 49] iPadPro3_129, [000001D45714F500][000001D4534E2900 49] iPadPro4_129, [000001D45714B800][000001D457D14A40 49] AppleTV, [000001D45714E800][000001D4534E6B80 49] AppleTV4K, [000001D457149F00][000001D4534D8CC0 49] TVOS, [000001D45714E600][000001D4534EAE40 49] Mac, [000001D45714AE00][000001D4534EEFC0 49] MacClient, [000001D45714C200][000001D453465140 49] MacNoEditor, [000001D457149200][000001D4534752C0 49] MacServer, [000001D45714FC00][000001D453479440 49] Linux, [000001D45714A900][000001D45347D5C0 49] LinuxAArch64, [000001D45714F800][000001D453481740 49] LinuxNoEditor, [000001D457149A00][000001D44D09D8C0 49] LinuxAArch64NoEditor, [000001D45714C700][000001D44D0A1A40 49] LinuxClient, [000001D45714B600][000001D44D0A5BC0 49] LinuxAArch64Client, [000001D45714FF00][000001D44D9B01C0 49] LinuxServer, [000001D457149D00][000001D44D9AC340 49] LinuxAArch64Server, [000001D45714ED00][000001D44D9A84C0 49] Android, [000001D457384200][000001D44D0CE640 49] Android_Low, [000001D4571D3F00][000001D457D367C0 49] Android_Mid, [000001D457384800][000001D44D9B8940 49] Android_High, [000001D4571D3000][000001D44D0A8AC0 49] Android_Default, [000001D457384400][000001D4534C8C00 49] Android_Adreno4xx, [000001D4571D3C00][000001D44D0ACD40 49] Android_Adreno5xx_Low, [000001D457384C00][000001D44D0B0E80 49] Android_Adreno5xx, [000001D4571D2D00][000001D44D0B4FC0 49] Android_Adreno6xx, [000001D457385300][000001D457F15140 49] Android_Adreno6xx_Vulkan, [000001D4571D3400][000001D457F192C0 49] Android_Mali_T6xx, [000001D457385C00][000001D457F1D440 49] Android_Mali_T7xx, [000001D4571D2500][000001D457F215C0 49] Android_Mali_T8xx, [000001D457385E00][000001D457F25740 49] Android_Mali_G71, [000001D4571D1600][000001D457F298C0 49] Android_Mali_G72, [000001D457385100][000001D457F2DA40 49] Android_Mali_G72_Vulkan, [000001D4571D3B00][000001D457E99BC0 49] Android_Mali_G76, [000001D457384100][000001D457E9C1C0 49] Android_Mali_G76_Vulkan, [000001D4571D1C00][000001D457EA0340 49] Android_Mali_G77, [000001D457385F00][000001D457EA44C0 49] Android_Mali_G77_Vulkan, [000001D4571D0C00][000001D457EA8640 49] Android_Mali_G78, [000001D457385200][000001D457EAC7C0 49] Android_Mali_G78_Vulkan, [000001D4571D2E00][000001D457EB0940 49] Android_Mali_G710, [000001D457384B00][000001D457EB4AC0 49] Android_Mali_G710_Vulkan, [000001D4571D3200][000001D457EB8C40 49] Android_Vulkan_SM5, [000001D457386000][000001D457F10D80 49] Android_PowerVR_G6xxx, [000001D4571D1400][000001D457EBCEC0 49] Android_PowerVR_GT7xxx, [000001D457386C00][000001D457EC1000 49] Android_PowerVR_GE8xxx, [000001D457149600][000001D457EC5140 49] Android_PowerVR_GM9xxx, [000001D457384E00][000001D457ECD2C0 49] Android_PowerVR_GM9xxx_Vulkan, [000001D45714AA00][000001D457ED1440 49] Android_TegraK1, [000001D457386A00][000001D457ED55C0 49] Android_Unknown_Vulkan, [000001D457149E00][000001D457ED9740 49] Lumin, [000001D457386B00][000001D457CA58C0 49] Lumin_Desktop, [000001D45714B200][000001D457CA9A40 49] HoloLens, 
[2022.02.20-18.43.24:460][  0]LogMeshReduction: Using QuadricMeshReduction for automatic static mesh reduction
[2022.02.20-18.43.24:460][  0]LogMeshReduction: Using SimplygonMeshReduction for automatic skeletal mesh reduction
[2022.02.20-18.43.24:460][  0]LogMeshReduction: Using ProxyLODMeshReduction for automatic mesh merging
[2022.02.20-18.43.24:460][  0]LogMeshReduction: No distributed automatic mesh merging module available
[2022.02.20-18.43.24:460][  0]LogMeshMerging: No distributed automatic mesh merging module available
[2022.02.20-18.43.24:475][  0]LogNetVersion: firstproject 1.0.0, NetCL: 17155196, EngineNetVer: 17, GameNetVer: 0 (Checksum: 1409045027)
[2022.02.20-18.43.24:782][  0]LogTexture: Default maximum texture size for cubemaps generated from long-lat sources has been changed from 512 to unlimited. In order to preserve old behaiour for '/Engine/MapTemplates/Sky/DaylightAmbientCubemap.DaylightAmbientCubemap', its maximum texture size has been explicitly set to 512.
[2022.02.20-18.43.24:838][  0]LogHMD: PokeAHoleMaterial loaded successfully
[2022.02.20-18.43.24:843][  0]LogUObjectArray: 17178 objects as part of root set at end of initial load.
[2022.02.20-18.43.24:843][  0]LogUObjectAllocator: 4302048 out of 0 bytes used by permanent object pool.
[2022.02.20-18.43.24:843][  0]LogUObjectArray: CloseDisregardForGC: 0/0 objects in disregard for GC pool
[2022.02.20-18.43.25:048][  0]LogNiagaraDebuggerClient: Niagara Debugger Client Initialized | Session: 521423764BCEC956BF35D88C47328BC0 | Instance: A03C2722473BA1F950D60FA1B1588AAF (ISAAQ-PC-26228).
[2022.02.20-18.43.25:086][  0]LogPython: Using Python 3.7.7
[2022.02.20-18.43.25:525][  0]LogTcpMessaging: Initializing TcpMessaging bridge
[2022.02.20-18.43.25:606][  0]LogUdpMessaging: Initializing bridge on interface 0.0.0.0:0 to multicast group 230.0.0.1:6666.
[2022.02.20-18.43.25:854][  0]LogOpenImageDenoise: OIDN starting up
[2022.02.20-18.43.25:859][  0]SourceControl: Source control is disabled
[2022.02.20-18.43.25:859][  0]SourceControl: Source control is disabled
[2022.02.20-18.43.25:861][  0]SourceControl: Source control is disabled
[2022.02.20-18.43.25:864][  0]SourceControl: Source control is disabled
[2022.02.20-18.43.25:866][  0]SourceControl: Source control is disabled
[2022.02.20-18.43.25:876][  0]LogUProjectInfo: Found projects:
[2022.02.20-18.43.25:882][  0]LogVSAccessor: Display: Unable to create Visual Studio setup instance: 80040154
[2022.02.20-18.43.25:882][  0]LogVSAccessor: Display: Unable to create Visual Studio setup instance: 80040154
[2022.02.20-18.43.25:882][  0]LogVSAccessor: Display: Unable to create Visual Studio setup instance: 80040154
[2022.02.20-18.43.25:906][  0]LogAndroidPermission: UAndroidPermissionCallbackProxy::GetInstance
[2022.02.20-18.43.25:920][  0]LogAudioCaptureCore: Display: No Audio Capture implementations found. Audio input will be silent.
[2022.02.20-18.43.25:920][  0]LogAudioCaptureCore: Display: No Audio Capture implementations found. Audio input will be silent.
[2022.02.20-18.43.26:086][  0]LogOcInput: OculusInput pre-init called
[2022.02.20-18.43.26:225][  0]LogCollectionManager: Loaded 2 collections in 0.001546 seconds
[2022.02.20-18.43.26:319][  0]LogFileCache: Scanning file cache for directory 'E:/Projects/unreal-enl/firstproject/Saved/Collections/' took 0.00s
[2022.02.20-18.43.26:319][  0]LogFileCache: Scanning file cache for directory 'E:/Projects/unreal-enl/firstproject/Content/Developers/isaaq/Collections/' took 0.00s
[2022.02.20-18.43.26:319][  0]LogFileCache: Scanning file cache for directory 'E:/Projects/unreal-enl/firstproject/Content/Collections/' took 0.00s
[2022.02.20-18.43.26:319][  0]LogEngine: Initializing Engine...
[2022.02.20-18.43.26:329][  0]LogHMD: Failed to enumerate extensions. Please check that you have a valid OpenXR runtime installed.
[2022.02.20-18.43.26:329][  0]LogHMD: Failed to initialize OpenVR with code 110
[2022.02.20-18.43.26:329][  0]LogMagicLeap: Warning: VR disabled because ZI is not enabled.  To enable, in the editor, Edit -> Project Settings -> Plugins -> Magic Leap Plugin -> Enable Zero Iteration
[2022.02.20-18.43.26:330][  0]LogStats: UGameplayTagsManager::InitializeManager -  0.000 s
[2022.02.20-18.43.26:420][  0]LogInit: Initializing FReadOnlyCVARCache
[2022.02.20-18.43.26:427][  0]LogAIModule: Creating AISystem for world Untitled
[2022.02.20-18.43.26:436][  0]LogAudio: Display: Initializing Audio Device Manager...
[2022.02.20-18.43.26:439][  0]LogAudio: Display: Loading Default Audio Settings Objects...
[2022.02.20-18.43.26:439][  0]LogAudio: Display: No default SoundConcurrencyObject specified (or failed to load).
[2022.02.20-18.43.26:440][  0]LogAudio: Display: Audio Device Manager Initialized
[2022.02.20-18.43.26:440][  0]LogAudio: Display: Creating Audio Device:                 Id: 1, Scope: Shared, Realtime: True
[2022.02.20-18.43.26:440][  0]LogAudioMixer: Display: Audio Mixer Platform Settings:
[2022.02.20-18.43.26:440][  0]LogAudioMixer: Display: 	Sample Rate:						  48000
[2022.02.20-18.43.26:440][  0]LogAudioMixer: Display: 	Callback Buffer Frame Size Requested: 1024
[2022.02.20-18.43.26:440][  0]LogAudioMixer: Display: 	Callback Buffer Frame Size To Use:	  1024
[2022.02.20-18.43.26:440][  0]LogAudioMixer: Display: 	Number of buffers to queue:			  2
[2022.02.20-18.43.26:440][  0]LogAudioMixer: Display: 	Max Channels (voices):				  32
[2022.02.20-18.43.26:440][  0]LogAudioMixer: Display: 	Number of Async Source Workers:		  0
[2022.02.20-18.43.26:440][  0]LogAudio: Display: AudioDevice MaxSources: 32
[2022.02.20-18.43.26:440][  0]LogAudio: Display: Audio Spatialization Plugin: None (built-in).
[2022.02.20-18.43.26:440][  0]LogAudio: Display: Audio Reverb Plugin: None (built-in).
[2022.02.20-18.43.26:440][  0]LogAudio: Display: Audio Occlusion Plugin: None (built-in).
[2022.02.20-18.43.26:440][  0]LogAudioMixer: Display: Initializing audio mixer.
[2022.02.20-18.43.26:455][  0]LogAudioMixer: Display: 0: FrontLeft
[2022.02.20-18.43.26:455][  0]LogAudioMixer: Display: 1: FrontRight
[2022.02.20-18.43.26:479][  0]LogAudioMixer: Display: Using Audio Device Headphones (Bluetooth Stereo)
[2022.02.20-18.43.26:481][  0]LogAudioMixer: Display: Initializing Sound Submixes...
[2022.02.20-18.43.26:483][  0]LogAudioMixer: Display: Creating Master Submix 'MasterSubmixDefault'
[2022.02.20-18.43.26:483][  0]LogAudioMixer: Display: Creating Master Submix 'MasterReverbSubmixDefault'
[2022.02.20-18.43.26:483][  0]LogAudioMixer: Display: Creating Master Submix 'MasterEQSubmixDefault'
[2022.02.20-18.43.26:483][  0]LogAudioMixer: FMixerPlatformXAudio2::StartAudioStream() called
[2022.02.20-18.43.26:483][  0]LogAudioMixer: Display: Output buffers initialized: Frames=1024, Channels=2, Samples=2048
[2022.02.20-18.43.26:484][  0]LogAudioMixer: Display: Starting AudioMixerPlatformInterface::RunInternal()
[2022.02.20-18.43.26:484][  0]LogAudioMixer: Display: FMixerPlatformXAudio2::SubmitBuffer() called for the first time
[2022.02.20-18.43.26:484][  0]LogInit: FAudioDevice initialized.
[2022.02.20-18.43.26:485][  0]LogAudio: Display: Audio Device (ID: 1) registered with world 'Untitled'.
[2022.02.20-18.43.26:485][  0]LogNetVersion: Set ProjectVersion to 1.0.0.0. Version Checksum will be recalculated on next use.
[2022.02.20-18.43.26:534][  0]LogDerivedDataCache: Saved boot cache 0.05s 94MB C:/Users/isaaq/AppData/Local/UnrealEngine/4.27/DerivedDataCache/Boot.ddc.
[2022.02.20-18.43.26:535][  0]LogInit: Texture streaming: Enabled
[2022.02.20-18.43.26:544][  0]LogAnalytics: Display: [UEEditor.Rocket.Release] APIServer = https://datarouter.ol.epicgames.com/. AppVersion = 4.27.2-18319896+++UE4+Release-4.27
[2022.02.20-18.43.26:547][  0]LogEngineSessionManager: EngineSessionManager initialized
[2022.02.20-18.43.26:547][  0]LogEditorSessionSummary: Verbose: Initializing EditorSessionSummaryWriter for editor session tracking
[2022.02.20-18.43.26:549][  0]LogEditorSessionSummary: EditorSessionSummaryWriter initialized
[2022.02.20-18.43.26:572][  0]LogInit: Transaction tracking system initialized
[2022.02.20-18.43.26:588][  0]BlueprintLog: New page: Editor Load
[2022.02.20-18.43.26:638][  0]LocalizationService: Localization service is disabled
[2022.02.20-18.43.26:656][  0]TimingProfiler: Initialize
[2022.02.20-18.43.26:656][  0]TimingProfiler: OnSessionChanged
[2022.02.20-18.43.26:656][  0]LoadingProfiler: Initialize
[2022.02.20-18.43.26:656][  0]LoadingProfiler: OnSessionChanged
[2022.02.20-18.43.26:656][  0]NetworkingProfiler: Initialize
[2022.02.20-18.43.26:656][  0]NetworkingProfiler: OnSessionChanged
[2022.02.20-18.43.26:656][  0]MemoryProfiler: Initialize
[2022.02.20-18.43.26:656][  0]MemoryProfiler: OnSessionChanged
[2022.02.20-18.43.26:700][  0]LogVSAccessor: Display: Unable to create Visual Studio setup instance: 80040154
[2022.02.20-18.43.26:700][  0]LogVSAccessor: Display: Unable to create Visual Studio setup instance: 80040154
[2022.02.20-18.43.26:700][  0]LogVSAccessor: Display: Unable to create Visual Studio setup instance: 80040154
[2022.02.20-18.43.26:778][  0]LogCook: Display: CookSettings for Memory: MemoryMaxUsedVirtual 0MiB, MemoryMaxUsedPhysical 16384MiB, MemoryMinFreeVirtual 0MiB, MemoryMinFreePhysical 1024MiB
[2022.02.20-18.43.26:779][  0]LogCook: Display: Mobile HDR setting 1
[2022.02.20-18.43.26:929][  0]LogFileCache: Scanning file cache for directory 'E:/Projects/unreal-enl/firstproject/Content/' took 0.01s
[2022.02.20-18.43.27:060][  0]LogInit: Display: Engine is initialized. Leaving FEngineLoop::Init()
[2022.02.20-18.43.27:062][  0]SourceControl: Source control is disabled
[2022.02.20-18.43.27:062][  0]LogUnrealEdMisc: Loading editor; pre map load, took 5.603
[2022.02.20-18.43.27:063][  0]Cmd: MAP LOAD FILE="../../../../Projects/unreal-enl/firstproject/Content/ThirdPersonBP/Maps/ThirdPersonExampleMap.umap" TEMPLATE=0 SHOWPROGRESS=1 FEATURELEVEL=3
[2022.02.20-18.43.27:063][  0]LightingResults: New page: Lighting Build
[2022.02.20-18.43.27:064][  0]LogWorld: UWorld::CleanupWorld for Untitled, bSessionEnded=true, bCleanupResources=true
[2022.02.20-18.43.27:064][  0]LogSlate: InvalidateAllWidgets triggered.  All widgets were invalidated
[2022.02.20-18.43.27:064][  0]MapCheck: New page: Map Check
[2022.02.20-18.43.27:064][  0]LightingResults: New page: Lighting Build
[2022.02.20-18.43.27:067][  0]LogAudio: Display: Audio Device unregistered from world 'None'.
[2022.02.20-18.43.27:070][  0]LogUObjectHash: Compacting FUObjectHashTables data took   0.83ms
[2022.02.20-18.43.27:253][  0]LogStaticMesh: Building static mesh Bump_StaticMesh...
[2022.02.20-18.43.27:264][  0]LogStaticMesh: Built static mesh [0.01s] /Game/ThirdPerson/Meshes/Bump_StaticMesh.Bump_StaticMesh
[2022.02.20-18.43.27:269][  0]LogStaticMesh: Building static mesh 1M_Cube...
[2022.02.20-18.43.27:272][  0]LogStaticMesh: Built static mesh [0.00s] /Game/Geometry/Meshes/1M_Cube.1M_Cube
[2022.02.20-18.43.27:410][  0]LogAudio: Display: Audio Device (ID: 1) registered with world 'ThirdPersonExampleMap'.
[2022.02.20-18.43.27:410][  0]LogAIModule: Creating AISystem for world ThirdPersonExampleMap
[2022.02.20-18.43.27:437][  0]LogEditorServer: Finished looking for orphan Actors (0.000 secs)
[2022.02.20-18.43.27:445][  0]LogUObjectHash: Compacting FUObjectHashTables data took   1.19ms
[2022.02.20-18.43.27:447][  0]Cmd: MAP CHECKDEP NOCLEARLOG
[2022.02.20-18.43.27:447][  0]MapCheck: Map check complete: 0 Error(s), 0 Warning(s), took 0.221ms to complete.
[2022.02.20-18.43.27:447][  0]LogFileHelpers: Loading map 'ThirdPersonExampleMap' took 0.385
[2022.02.20-18.43.27:449][  0]LogUnrealEdMisc: Total Editor Startup Time, took 5.990
[2022.02.20-18.43.27:661][  0]LogSlate: Updating window title bar state: overlay mode, drag disabled, window buttons hidden, title bar hidden
[2022.02.20-18.43.27:702][  0]LogNativeClassHierarchy: Verbose: Native class hierarchy populated in 0.0099 seconds. Added 3822 classes and 928 folders.
[2022.02.20-18.43.27:711][  0]LogSlate: Took 0.000165 seconds to synchronously load lazily loaded font '../../../Engine/Content/Slate/Fonts/Roboto-Regular.ttf' (155K)
[2022.02.20-18.43.27:717][  0]LogNativeClassHierarchy: Verbose: Native class hierarchy updated for 'WidgetCarousel' in 0.0003 seconds. Added 0 classes and 0 folders.
[2022.02.20-18.43.27:725][  0]LogPakFile: PakFile PrimaryIndexSize=187
[2022.02.20-18.43.27:725][  0]LogPakFile: PakFile PathHashIndexSize=101
[2022.02.20-18.43.27:725][  0]LogPakFile: PakFile FullDirectoryIndexSize=148
[2022.02.20-18.43.27:726][  0]LogShaderLibrary: Display: ShaderCodeLibraryPakFileMountedCallback: PakFile 'E:/UE_4.27/FeaturePacks/FP_FirstPerson.upack' (chunk index -1, root 'root:/') mounted
[2022.02.20-18.43.27:726][  0]LogShaderLibrary: Display: ShaderCodeLibraryPakFileMountedCallback: pending pak file info (ChunkID:-1 Root:root:/ File:E:/UE_4.27/FeaturePacks/FP_FirstPerson.upack)
[2022.02.20-18.43.27:726][  0]LogPakFile: OnPakFileMounted2Time == 0.001296
[2022.02.20-18.43.27:730][  0]LogPakFile: PakFile PrimaryIndexSize=189
[2022.02.20-18.43.27:730][  0]LogPakFile: PakFile PathHashIndexSize=101
[2022.02.20-18.43.27:730][  0]LogPakFile: PakFile FullDirectoryIndexSize=152
[2022.02.20-18.43.27:730][  0]LogShaderLibrary: Display: ShaderCodeLibraryPakFileMountedCallback: PakFile 'E:/UE_4.27/FeaturePacks/FP_FirstPersonBP.upack' (chunk index -1, root 'root:/') mounted
[2022.02.20-18.43.27:730][  0]LogShaderLibrary: Display: ShaderCodeLibraryPakFileMountedCallback: pending pak file info (ChunkID:-1 Root:root:/ File:E:/UE_4.27/FeaturePacks/FP_FirstPersonBP.upack)
[2022.02.20-18.43.27:730][  0]LogPakFile: OnPakFileMounted2Time == 0.000047
[2022.02.20-18.43.27:732][  0]LogPakFile: PakFile PrimaryIndexSize=191
[2022.02.20-18.43.27:732][  0]LogPakFile: PakFile PathHashIndexSize=101
[2022.02.20-18.43.27:732][  0]LogPakFile: PakFile FullDirectoryIndexSize=160
[2022.02.20-18.43.27:732][  0]LogShaderLibrary: Display: ShaderCodeLibraryPakFileMountedCallback: PakFile 'E:/UE_4.27/FeaturePacks/MobileStarterContent.upack' (chunk index -1, root 'root:/') mounted
[2022.02.20-18.43.27:732][  0]LogShaderLibrary: Display: ShaderCodeLibraryPakFileMountedCallback: pending pak file info (ChunkID:-1 Root:root:/ File:E:/UE_4.27/FeaturePacks/MobileStarterContent.upack)
[2022.02.20-18.43.27:732][  0]LogPakFile: OnPakFileMounted2Time == 0.000032
[2022.02.20-18.43.27:733][  0]LogPakFile: PakFile PrimaryIndexSize=185
[2022.02.20-18.43.27:733][  0]LogPakFile: PakFile PathHashIndexSize=101
[2022.02.20-18.43.27:733][  0]LogPakFile: PakFile FullDirectoryIndexSize=148
[2022.02.20-18.43.27:733][  0]LogShaderLibrary: Display: ShaderCodeLibraryPakFileMountedCallback: PakFile 'E:/UE_4.27/FeaturePacks/StarterContent.upack' (chunk index -1, root 'root:/') mounted
[2022.02.20-18.43.27:733][  0]LogShaderLibrary: Display: ShaderCodeLibraryPakFileMountedCallback: pending pak file info (ChunkID:-1 Root:root:/ File:E:/UE_4.27/FeaturePacks/StarterContent.upack)
[2022.02.20-18.43.27:733][  0]LogPakFile: OnPakFileMounted2Time == 0.000032
[2022.02.20-18.43.27:735][  0]LogPakFile: PakFile PrimaryIndexSize=190
[2022.02.20-18.43.27:735][  0]LogPakFile: PakFile PathHashIndexSize=101
[2022.02.20-18.43.27:735][  0]LogPakFile: PakFile FullDirectoryIndexSize=154
[2022.02.20-18.43.27:735][  0]LogShaderLibrary: Display: ShaderCodeLibraryPakFileMountedCallback: PakFile 'E:/UE_4.27/FeaturePacks/TP_2DSideScroller.upack' (chunk index -1, root 'root:/') mounted
[2022.02.20-18.43.27:735][  0]LogShaderLibrary: Display: ShaderCodeLibraryPakFileMountedCallback: pending pak file info (ChunkID:-1 Root:root:/ File:E:/UE_4.27/FeaturePacks/TP_2DSideScroller.upack)
[2022.02.20-18.43.27:735][  0]LogPakFile: OnPakFileMounted2Time == 0.000030
[2022.02.20-18.43.27:737][  0]LogPakFile: PakFile PrimaryIndexSize=192
[2022.02.20-18.43.27:737][  0]LogPakFile: PakFile PathHashIndexSize=101
[2022.02.20-18.43.27:737][  0]LogPakFile: PakFile FullDirectoryIndexSize=158
[2022.02.20-18.43.27:737][  0]LogShaderLibrary: Display: ShaderCodeLibraryPakFileMountedCallback: PakFile 'E:/UE_4.27/FeaturePacks/TP_2DSideScrollerBP.upack' (chunk index -1, root 'root:/') mounted
[2022.02.20-18.43.27:737][  0]LogShaderLibrary: Display: ShaderCodeLibraryPakFileMountedCallback: pending pak file info (ChunkID:-1 Root:root:/ File:E:/UE_4.27/FeaturePacks/TP_2DSideScrollerBP.upack)
[2022.02.20-18.43.27:737][  0]LogPakFile: OnPakFileMounted2Time == 0.000034
[2022.02.20-18.43.27:738][  0]LogPakFile: PakFile PrimaryIndexSize=182
[2022.02.20-18.43.27:738][  0]LogPakFile: PakFile PathHashIndexSize=101
[2022.02.20-18.43.27:738][  0]LogPakFile: PakFile FullDirectoryIndexSize=138
[2022.02.20-18.43.27:738][  0]LogShaderLibrary: Display: ShaderCodeLibraryPakFileMountedCallback: PakFile 'E:/UE_4.27/FeaturePacks/TP_Flying.upack' (chunk index -1, root 'root:/') mounted
[2022.02.20-18.43.27:738][  0]LogShaderLibrary: Display: ShaderCodeLibraryPakFileMountedCallback: pending pak file info (ChunkID:-1 Root:root:/ File:E:/UE_4.27/FeaturePacks/TP_Flying.upack)
[2022.02.20-18.43.27:738][  0]LogPakFile: OnPakFileMounted2Time == 0.000028
[2022.02.20-18.43.27:740][  0]LogPakFile: PakFile PrimaryIndexSize=184
[2022.02.20-18.43.27:740][  0]LogPakFile: PakFile PathHashIndexSize=101
[2022.02.20-18.43.27:740][  0]LogPakFile: PakFile FullDirectoryIndexSize=142
[2022.02.20-18.43.27:740][  0]LogShaderLibrary: Display: ShaderCodeLibraryPakFileMountedCallback: PakFile 'E:/UE_4.27/FeaturePacks/TP_FlyingBP.upack' (chunk index -1, root 'root:/') mounted
[2022.02.20-18.43.27:740][  0]LogShaderLibrary: Display: ShaderCodeLibraryPakFileMountedCallback: pending pak file info (ChunkID:-1 Root:root:/ File:E:/UE_4.27/FeaturePacks/TP_FlyingBP.upack)
[2022.02.20-18.43.27:740][  0]LogPakFile: OnPakFileMounted2Time == 0.000030
[2022.02.20-18.43.27:742][  0]LogPakFile: PakFile PrimaryIndexSize=188
[2022.02.20-18.43.27:742][  0]LogPakFile: PakFile PathHashIndexSize=101
[2022.02.20-18.43.27:742][  0]LogPakFile: PakFile FullDirectoryIndexSize=150
[2022.02.20-18.43.27:742][  0]LogShaderLibrary: Display: ShaderCodeLibraryPakFileMountedCallback: PakFile 'E:/UE_4.27/FeaturePacks/TP_HandheldARBP.upack' (chunk index -1, root 'root:/') mounted
[2022.02.20-18.43.27:742][  0]LogShaderLibrary: Display: ShaderCodeLibraryPakFileMountedCallback: pending pak file info (ChunkID:-1 Root:root:/ File:E:/UE_4.27/FeaturePacks/TP_HandheldARBP.upack)
[2022.02.20-18.43.27:742][  0]LogPakFile: OnPakFileMounted2Time == 0.000031
[2022.02.20-18.43.27:747][  0]LogPakFile: PakFile PrimaryIndexSize=182
[2022.02.20-18.43.27:747][  0]LogPakFile: PakFile PathHashIndexSize=101
[2022.02.20-18.43.27:747][  0]LogPakFile: PakFile FullDirectoryIndexSize=138
[2022.02.20-18.43.27:747][  0]LogShaderLibrary: Display: ShaderCodeLibraryPakFileMountedCallback: PakFile 'E:/UE_4.27/FeaturePacks/TP_Puzzle.upack' (chunk index -1, root 'root:/') mounted
[2022.02.20-18.43.27:747][  0]LogShaderLibrary: Display: ShaderCodeLibraryPakFileMountedCallback: pending pak file info (ChunkID:-1 Root:root:/ File:E:/UE_4.27/FeaturePacks/TP_Puzzle.upack)
[2022.02.20-18.43.27:747][  0]LogPakFile: OnPakFileMounted2Time == 0.000034
[2022.02.20-18.43.27:748][  0]LogPakFile: PakFile PrimaryIndexSize=184
[2022.02.20-18.43.27:748][  0]LogPakFile: PakFile PathHashIndexSize=101
[2022.02.20-18.43.27:748][  0]LogPakFile: PakFile FullDirectoryIndexSize=142
[2022.02.20-18.43.27:748][  0]LogShaderLibrary: Display: ShaderCodeLibraryPakFileMountedCallback: PakFile 'E:/UE_4.27/FeaturePacks/TP_PuzzleBP.upack' (chunk index -1, root 'root:/') mounted
[2022.02.20-18.43.27:748][  0]LogShaderLibrary: Display: ShaderCodeLibraryPakFileMountedCallback: pending pak file info (ChunkID:-1 Root:root:/ File:E:/UE_4.27/FeaturePacks/TP_PuzzleBP.upack)
[2022.02.20-18.43.27:748][  0]LogPakFile: OnPakFileMounted2Time == 0.000033
[2022.02.20-18.43.27:750][  0]LogPakFile: PakFile PrimaryIndexSize=183
[2022.02.20-18.43.27:750][  0]LogPakFile: PakFile PathHashIndexSize=101
[2022.02.20-18.43.27:750][  0]LogPakFile: PakFile FullDirectoryIndexSize=140
[2022.02.20-18.43.27:750][  0]LogShaderLibrary: Display: ShaderCodeLibraryPakFileMountedCallback: PakFile 'E:/UE_4.27/FeaturePacks/TP_Rolling.upack' (chunk index -1, root 'root:/') mounted
[2022.02.20-18.43.27:750][  0]LogShaderLibrary: Display: ShaderCodeLibraryPakFileMountedCallback: pending pak file info (ChunkID:-1 Root:root:/ File:E:/UE_4.27/FeaturePacks/TP_Rolling.upack)
[2022.02.20-18.43.27:750][  0]LogPakFile: OnPakFileMounted2Time == 0.000029
[2022.02.20-18.43.27:751][  0]LogPakFile: PakFile PrimaryIndexSize=185
[2022.02.20-18.43.27:751][  0]LogPakFile: PakFile PathHashIndexSize=101
[2022.02.20-18.43.27:752][  0]LogPakFile: PakFile FullDirectoryIndexSize=144
[2022.02.20-18.43.27:752][  0]LogShaderLibrary: Display: ShaderCodeLibraryPakFileMountedCallback: PakFile 'E:/UE_4.27/FeaturePacks/TP_RollingBP.upack' (chunk index -1, root 'root:/') mounted
[2022.02.20-18.43.27:752][  0]LogShaderLibrary: Display: ShaderCodeLibraryPakFileMountedCallback: pending pak file info (ChunkID:-1 Root:root:/ File:E:/UE_4.27/FeaturePacks/TP_RollingBP.upack)
[2022.02.20-18.43.27:752][  0]LogPakFile: OnPakFileMounted2Time == 0.000030
[2022.02.20-18.43.27:753][  0]LogPakFile: PakFile PrimaryIndexSize=188
[2022.02.20-18.43.27:753][  0]LogPakFile: PakFile PathHashIndexSize=101
[2022.02.20-18.43.27:753][  0]LogPakFile: PakFile FullDirectoryIndexSize=150
[2022.02.20-18.43.27:753][  0]LogShaderLibrary: Display: ShaderCodeLibraryPakFileMountedCallback: PakFile 'E:/UE_4.27/FeaturePacks/TP_SideScroller.upack' (chunk index -1, root 'root:/') mounted
[2022.02.20-18.43.27:753][  0]LogShaderLibrary: Display: ShaderCodeLibraryPakFileMountedCallback: pending pak file info (ChunkID:-1 Root:root:/ File:E:/UE_4.27/FeaturePacks/TP_SideScroller.upack)
[2022.02.20-18.43.27:753][  0]LogPakFile: OnPakFileMounted2Time == 0.000033
[2022.02.20-18.43.27:755][  0]LogPakFile: PakFile PrimaryIndexSize=190
[2022.02.20-18.43.27:755][  0]LogPakFile: PakFile PathHashIndexSize=101
[2022.02.20-18.43.27:755][  0]LogPakFile: PakFile FullDirectoryIndexSize=154
[2022.02.20-18.43.27:755][  0]LogShaderLibrary: Display: ShaderCodeLibraryPakFileMountedCallback: PakFile 'E:/UE_4.27/FeaturePacks/TP_SideScrollerBP.upack' (chunk index -1, root 'root:/') mounted
[2022.02.20-18.43.27:755][  0]LogShaderLibrary: Display: ShaderCodeLibraryPakFileMountedCallback: pending pak file info (ChunkID:-1 Root:root:/ File:E:/UE_4.27/FeaturePacks/TP_SideScrollerBP.upack)
[2022.02.20-18.43.27:755][  0]LogPakFile: OnPakFileMounted2Time == 0.000030
[2022.02.20-18.43.27:756][  0]LogPakFile: PakFile PrimaryIndexSize=187
[2022.02.20-18.43.27:756][  0]LogPakFile: PakFile PathHashIndexSize=101
[2022.02.20-18.43.27:756][  0]LogPakFile: PakFile FullDirectoryIndexSize=148
[2022.02.20-18.43.27:756][  0]LogShaderLibrary: Display: ShaderCodeLibraryPakFileMountedCallback: PakFile 'E:/UE_4.27/FeaturePacks/TP_ThirdPerson.upack' (chunk index -1, root 'root:/') mounted
[2022.02.20-18.43.27:756][  0]LogShaderLibrary: Display: ShaderCodeLibraryPakFileMountedCallback: pending pak file info (ChunkID:-1 Root:root:/ File:E:/UE_4.27/FeaturePacks/TP_ThirdPerson.upack)
[2022.02.20-18.43.27:756][  0]LogPakFile: OnPakFileMounted2Time == 0.000028
[2022.02.20-18.43.27:758][  0]LogPakFile: PakFile PrimaryIndexSize=189
[2022.02.20-18.43.27:758][  0]LogPakFile: PakFile PathHashIndexSize=101
[2022.02.20-18.43.27:758][  0]LogPakFile: PakFile FullDirectoryIndexSize=152
[2022.02.20-18.43.27:758][  0]LogShaderLibrary: Display: ShaderCodeLibraryPakFileMountedCallback: PakFile 'E:/UE_4.27/FeaturePacks/TP_ThirdPersonBP.upack' (chunk index -1, root 'root:/') mounted
[2022.02.20-18.43.27:758][  0]LogShaderLibrary: Display: ShaderCodeLibraryPakFileMountedCallback: pending pak file info (ChunkID:-1 Root:root:/ File:E:/UE_4.27/FeaturePacks/TP_ThirdPersonBP.upack)
[2022.02.20-18.43.27:758][  0]LogPakFile: OnPakFileMounted2Time == 0.000038
[2022.02.20-18.43.27:760][  0]LogPakFile: PakFile PrimaryIndexSize=183
[2022.02.20-18.43.27:760][  0]LogPakFile: PakFile PathHashIndexSize=101
[2022.02.20-18.43.27:760][  0]LogPakFile: PakFile FullDirectoryIndexSize=140
[2022.02.20-18.43.27:760][  0]LogShaderLibrary: Display: ShaderCodeLibraryPakFileMountedCallback: PakFile 'E:/UE_4.27/FeaturePacks/TP_TopDown.upack' (chunk index -1, root 'root:/') mounted
[2022.02.20-18.43.27:760][  0]LogShaderLibrary: Display: ShaderCodeLibraryPakFileMountedCallback: pending pak file info (ChunkID:-1 Root:root:/ File:E:/UE_4.27/FeaturePacks/TP_TopDown.upack)
[2022.02.20-18.43.27:760][  0]LogPakFile: OnPakFileMounted2Time == 0.000041
[2022.02.20-18.43.27:761][  0]LogPakFile: PakFile PrimaryIndexSize=185
[2022.02.20-18.43.27:761][  0]LogPakFile: PakFile PathHashIndexSize=101
[2022.02.20-18.43.27:761][  0]LogPakFile: PakFile FullDirectoryIndexSize=144
[2022.02.20-18.43.27:761][  0]LogShaderLibrary: Display: ShaderCodeLibraryPakFileMountedCallback: PakFile 'E:/UE_4.27/FeaturePacks/TP_TopDownBP.upack' (chunk index -1, root 'root:/') mounted
[2022.02.20-18.43.27:762][  0]LogShaderLibrary: Display: ShaderCodeLibraryPakFileMountedCallback: pending pak file info (ChunkID:-1 Root:root:/ File:E:/UE_4.27/FeaturePacks/TP_TopDownBP.upack)
[2022.02.20-18.43.27:762][  0]LogPakFile: OnPakFileMounted2Time == 0.000033
[2022.02.20-18.43.27:763][  0]LogPakFile: PakFile PrimaryIndexSize=185
[2022.02.20-18.43.27:763][  0]LogPakFile: PakFile PathHashIndexSize=101
[2022.02.20-18.43.27:763][  0]LogPakFile: PakFile FullDirectoryIndexSize=144
[2022.02.20-18.43.27:763][  0]LogShaderLibrary: Display: ShaderCodeLibraryPakFileMountedCallback: PakFile 'E:/UE_4.27/FeaturePacks/TP_TwinStick.upack' (chunk index -1, root 'root:/') mounted
[2022.02.20-18.43.27:763][  0]LogShaderLibrary: Display: ShaderCodeLibraryPakFileMountedCallback: pending pak file info (ChunkID:-1 Root:root:/ File:E:/UE_4.27/FeaturePacks/TP_TwinStick.upack)
[2022.02.20-18.43.27:763][  0]LogPakFile: OnPakFileMounted2Time == 0.000032
[2022.02.20-18.43.27:765][  0]LogPakFile: PakFile PrimaryIndexSize=187
[2022.02.20-18.43.27:765][  0]LogPakFile: PakFile PathHashIndexSize=101
[2022.02.20-18.43.27:765][  0]LogPakFile: PakFile FullDirectoryIndexSize=148
[2022.02.20-18.43.27:765][  0]LogShaderLibrary: Display: ShaderCodeLibraryPakFileMountedCallback: PakFile 'E:/UE_4.27/FeaturePacks/TP_TwinStickBP.upack' (chunk index -1, root 'root:/') mounted
[2022.02.20-18.43.27:765][  0]LogShaderLibrary: Display: ShaderCodeLibraryPakFileMountedCallback: pending pak file info (ChunkID:-1 Root:root:/ File:E:/UE_4.27/FeaturePacks/TP_TwinStickBP.upack)
[2022.02.20-18.43.27:765][  0]LogPakFile: OnPakFileMounted2Time == 0.000036
[2022.02.20-18.43.27:766][  0]LogPakFile: PakFile PrimaryIndexSize=183
[2022.02.20-18.43.27:766][  0]LogPakFile: PakFile PathHashIndexSize=101
[2022.02.20-18.43.27:766][  0]LogPakFile: PakFile FullDirectoryIndexSize=140
[2022.02.20-18.43.27:766][  0]LogShaderLibrary: Display: ShaderCodeLibraryPakFileMountedCallback: PakFile 'E:/UE_4.27/FeaturePacks/TP_Vehicle.upack' (chunk index -1, root 'root:/') mounted
[2022.02.20-18.43.27:766][  0]LogShaderLibrary: Display: ShaderCodeLibraryPakFileMountedCallback: pending pak file info (ChunkID:-1 Root:root:/ File:E:/UE_4.27/FeaturePacks/TP_Vehicle.upack)
[2022.02.20-18.43.27:766][  0]LogPakFile: OnPakFileMounted2Time == 0.000043
[2022.02.20-18.43.27:769][  0]LogPakFile: PakFile PrimaryIndexSize=186
[2022.02.20-18.43.27:769][  0]LogPakFile: PakFile PathHashIndexSize=101
[2022.02.20-18.43.27:769][  0]LogPakFile: PakFile FullDirectoryIndexSize=146
[2022.02.20-18.43.27:769][  0]LogShaderLibrary: Display: ShaderCodeLibraryPakFileMountedCallback: PakFile 'E:/UE_4.27/FeaturePacks/TP_VehicleAdv.upack' (chunk index -1, root 'root:/') mounted
[2022.02.20-18.43.27:769][  0]LogShaderLibrary: Display: ShaderCodeLibraryPakFileMountedCallback: pending pak file info (ChunkID:-1 Root:root:/ File:E:/UE_4.27/FeaturePacks/TP_VehicleAdv.upack)
[2022.02.20-18.43.27:769][  0]LogPakFile: OnPakFileMounted2Time == 0.000030
[2022.02.20-18.43.27:771][  0]LogPakFile: PakFile PrimaryIndexSize=188
[2022.02.20-18.43.27:771][  0]LogPakFile: PakFile PathHashIndexSize=101
[2022.02.20-18.43.27:771][  0]LogPakFile: PakFile FullDirectoryIndexSize=150
[2022.02.20-18.43.27:771][  0]LogShaderLibrary: Display: ShaderCodeLibraryPakFileMountedCallback: PakFile 'E:/UE_4.27/FeaturePacks/TP_VehicleAdvBP.upack' (chunk index -1, root 'root:/') mounted
[2022.02.20-18.43.27:771][  0]LogShaderLibrary: Display: ShaderCodeLibraryPakFileMountedCallback: pending pak file info (ChunkID:-1 Root:root:/ File:E:/UE_4.27/FeaturePacks/TP_VehicleAdvBP.upack)
[2022.02.20-18.43.27:771][  0]LogPakFile: OnPakFileMounted2Time == 0.000030
[2022.02.20-18.43.27:773][  0]LogPakFile: PakFile PrimaryIndexSize=185
[2022.02.20-18.43.27:773][  0]LogPakFile: PakFile PathHashIndexSize=101
[2022.02.20-18.43.27:773][  0]LogPakFile: PakFile FullDirectoryIndexSize=144
[2022.02.20-18.43.27:773][  0]LogShaderLibrary: Display: ShaderCodeLibraryPakFileMountedCallback: PakFile 'E:/UE_4.27/FeaturePacks/TP_VehicleBP.upack' (chunk index -1, root 'root:/') mounted
[2022.02.20-18.43.27:773][  0]LogShaderLibrary: Display: ShaderCodeLibraryPakFileMountedCallback: pending pak file info (ChunkID:-1 Root:root:/ File:E:/UE_4.27/FeaturePacks/TP_VehicleBP.upack)
[2022.02.20-18.43.27:773][  0]LogPakFile: OnPakFileMounted2Time == 0.000031
[2022.02.20-18.43.27:775][  0]LogPakFile: PakFile PrimaryIndexSize=192
[2022.02.20-18.43.27:775][  0]LogPakFile: PakFile PathHashIndexSize=101
[2022.02.20-18.43.27:775][  0]LogPakFile: PakFile FullDirectoryIndexSize=158
[2022.02.20-18.43.27:775][  0]LogShaderLibrary: Display: ShaderCodeLibraryPakFileMountedCallback: PakFile 'E:/UE_4.27/FeaturePacks/TP_VirtualRealityBP.upack' (chunk index -1, root 'root:/') mounted
[2022.02.20-18.43.27:775][  0]LogShaderLibrary: Display: ShaderCodeLibraryPakFileMountedCallback: pending pak file info (ChunkID:-1 Root:root:/ File:E:/UE_4.27/FeaturePacks/TP_VirtualRealityBP.upack)
[2022.02.20-18.43.27:775][  0]LogPakFile: OnPakFileMounted2Time == 0.000029
[2022.02.20-18.43.27:926][  0]LogNativeClassHierarchy: Verbose: Native class hierarchy updated for 'AddContentDialog' in 0.0002 seconds. Added 0 classes and 0 folders.
[2022.02.20-18.43.27:932][  0]LogNativeClassHierarchy: Verbose: Native class hierarchy updated for 'SceneOutliner' in 0.0002 seconds. Added 2 classes and 0 folders.
[2022.02.20-18.43.27:971][  0]LogSlate: Took 0.005190 seconds to synchronously load lazily loaded font '../../../Engine/Content/Editor/Slate/Fonts/FontAwesome.ttf' (139K)
[2022.02.20-18.43.27:973][  0]LogSlate: Took 0.000143 seconds to synchronously load lazily loaded font '../../../Engine/Content/Slate/Fonts/Roboto-Bold.ttf' (160K)
[2022.02.20-18.43.28:076][  0]LogRenderer: Reallocating scene render targets to support 1616x808 Format 10 NumSamples 1 (Frame:1).
[2022.02.20-18.43.28:621][  0]LogNativeClassHierarchy: Verbose: Native class hierarchy updated for 'HierarchicalLODOutliner' in 0.0003 seconds. Added 0 classes and 0 folders.
[2022.02.20-18.43.28:621][  0]LogInput: Warning: Action Jump uses invalid key OculusGo_Left_Trigger_Click.
[2022.02.20-18.43.28:621][  0]LogInput: Warning: Action ResetVR uses invalid key OculusGo_Left_Trackpad_Click.
[2022.02.20-18.43.28:621][  0]LogInput: Warning: Use -RemoveInvalidKeys to remove instances of these keys from the action mapping.
[2022.02.20-18.43.28:621][  0]LogLoad: (Engine Initialization) Total time: 7.16 seconds
[2022.02.20-18.43.28:621][  0]LogLoad: (Engine Initialization) Total Blueprint compile time: 0.00 seconds
[2022.02.20-18.43.28:665][  0]LogAssetRegistry: Asset discovery search completed in 4.5136 seconds
[2022.02.20-18.43.28:670][  0]LogCollectionManager: Fixed up redirectors for 2 collections in 0.000007 seconds (updated 0 objects)
[2022.02.20-18.43.28:673][  0]LogContentStreaming: Texture pool size now 1000 MB
[2022.02.20-18.49.28:847][ 37]LogAudioMixer: Warning: Changing default audio render device to new device: {0.0.0.00000000}.{b4901ffd-3cbe-4a4d-a46f-fe1874197505}.
[2022.02.20-18.49.28:847][ 37]LogAudioMixer: Resetting audio stream to device id 
[2022.02.20-18.49.28:851][ 37]LogAudioMixer: Display: 0: FrontLeft
[2022.02.20-18.49.28:851][ 37]LogAudioMixer: Display: 1: FrontRight
